2019-03-23 17:20:22,262 - INFO: initialize the db pool.
2019-03-23 17:20:22,284 - INFO: get the list to be calculate.
2019-03-23 17:23:07,212 - INFO: initialize the db pool.
2019-03-23 17:23:07,226 - INFO: get the list to be calculate.
2019-03-23 17:32:16,421 - INFO: initialize the db pool.
2019-03-23 17:32:16,435 - INFO: get the list to be calculate.
2019-03-23 17:32:16,439 - INFO: create thread pool.
2019-03-23 17:38:44,885 - INFO: initialize the db pool.
2019-03-23 17:38:44,897 - INFO: get the list to be calculate.
2019-03-23 17:38:44,901 - INFO: create thread pool.
2019-03-23 17:39:33,245 - INFO: initialize the db pool.
2019-03-23 17:39:33,265 - INFO: get the list to be calculate.
2019-03-23 17:39:33,272 - INFO: create thread pool.
2019-03-23 17:41:00,174 - INFO: initialize the db pool.
2019-03-23 17:41:00,188 - INFO: get the list to be calculate.
2019-03-23 17:41:00,192 - INFO: create thread pool.
2019-03-23 22:43:04,668 - INFO: initialize the db pool.
2019-03-23 22:45:51,581 - INFO: initialize the db pool.
2019-03-23 22:46:50,785 - INFO: initialize the db pool.
2019-03-23 22:49:50,700 - INFO: initialize the db pool.
2019-03-23 22:53:19,184 - INFO: initialize the db pool.
2019-03-23 22:54:09,646 - INFO: initialize the db pool.
2019-03-23 23:28:06,734 - INFO: initialize the db pool.
2019-03-23 23:43:44,733 - INFO: initialize the db pool.
2019-03-23 23:43:44,768 - INFO: get the list to be calculate.
2019-03-23 23:43:44,781 - INFO: create thread pool.
2019-03-23 23:43:45,715 - INFO: initialize the db pool.
2019-03-23 23:43:45,731 - INFO: get the list to be calculate.
2019-03-23 23:43:45,746 - INFO: create thread pool.
2019-03-23 23:48:48,711 - INFO: initialize the db pool.
2019-03-23 23:48:48,727 - INFO: create thread pool.
2019-03-23 23:48:48,727 - INFO: get the list to be calculate.
2019-03-23 23:50:51,991 - INFO: initialize the db pool.
2019-03-23 23:50:52,007 - INFO: create thread pool.
2019-03-23 23:50:52,007 - INFO: get the list to be calculate.
2019-03-23 23:51:39,785 - INFO: initialize the db pool.
2019-03-23 23:51:39,801 - INFO: create thread pool.
2019-03-23 23:51:39,801 - INFO: get the list to be calculate.
2019-03-23 23:52:44,478 - INFO: initialize the db pool.
2019-03-23 23:52:44,494 - INFO: create thread pool.
2019-03-23 23:52:44,494 - INFO: get the list to be calculate.
2019-03-24 00:04:53,654 - INFO: initialize the db pool.
2019-03-24 00:04:53,654 - INFO: create thread pool.
2019-03-24 00:04:53,654 - INFO: get the list to be calculate.
2019-03-24 01:32:19,694 - ERROR: ERR(000036 - 2004-11-11): math domain error
2019-03-24 01:32:19,928 - ERROR: ERR(000402 - 2004-11-11): math domain error
2019-03-24 01:32:20,584 - ERROR: ERR(000729 - 2004-11-11): math domain error
2019-03-24 01:32:21,851 - ERROR: ERR(600237 - 2004-11-11): math domain error
2019-03-24 01:32:22,601 - ERROR: ERR(600448 - 2004-11-11): math domain error
2019-03-24 01:32:22,835 - ERROR: ERR(600674 - 2004-11-11): math domain error
2019-03-24 01:32:23,680 - ERROR: ERR(000036 - 2004-11-12): math domain error
2019-03-24 01:32:24,727 - ERROR: ERR(002032 - 2004-11-12): math domain error
2019-03-24 01:32:25,430 - ERROR: ERR(600282 - 2004-11-12): math domain error
2019-03-24 01:32:26,242 - ERROR: ERR(600674 - 2004-11-12): math domain error
2019-03-24 01:32:26,681 - ERROR: ERR(600843 - 2004-11-12): math domain error
2019-03-24 01:32:26,790 - ERROR: ERR(600791 - 2004-11-12): math domain error
2019-03-24 01:32:26,962 - ERROR: ERR(000036 - 2004-11-15): math domain error
2019-03-24 01:32:27,540 - ERROR: ERR(000656 - 2004-11-15): math domain error
2019-03-24 01:32:27,759 - ERROR: ERR(000780 - 2004-11-15): math domain error
2019-03-24 01:32:28,274 - ERROR: ERR(002034 - 2004-11-15): math domain error
2019-03-24 01:32:29,024 - ERROR: ERR(600323 - 2004-11-15): math domain error
2019-03-24 01:32:29,259 - ERROR: ERR(600310 - 2004-11-15): math domain error
2019-03-24 01:32:29,524 - ERROR: ERR(600501 - 2004-11-15): math domain error
2019-03-24 01:32:29,759 - ERROR: ERR(600617 - 2004-11-15): math domain error
2019-03-24 01:32:29,790 - ERROR: ERR(600674 - 2004-11-15): math domain error
2019-03-24 01:32:30,227 - ERROR: ERR(600714 - 2004-11-15): math domain error
2019-03-24 01:32:30,493 - ERROR: ERR(600843 - 2004-11-15): math domain error
2019-03-24 01:32:30,649 - ERROR: ERR(000078 - 2004-11-16): math domain error
2019-03-24 01:32:30,712 - ERROR: ERR(000036 - 2004-11-16): math domain error
2019-03-24 01:32:31,243 - ERROR: ERR(000677 - 2004-11-16): math domain error
2019-03-24 01:32:32,387 - ERROR: ERR(600166 - 2004-11-16): math domain error
2019-03-24 01:32:33,184 - ERROR: ERR(600463 - 2004-11-16): math domain error
2019-03-24 01:32:33,653 - ERROR: ERR(600651 - 2004-11-16): math domain error
2019-03-24 01:32:33,668 - ERROR: ERR(600703 - 2004-11-16): math domain error
2019-03-24 01:32:33,668 - ERROR: ERR(600674 - 2004-11-16): math domain error
2019-03-24 01:32:34,168 - ERROR: ERR(000036 - 2004-11-17): math domain error
2019-03-24 01:32:35,544 - ERROR: ERR(002036 - 2004-11-17): math domain error
2019-03-24 01:32:36,763 - ERROR: ERR(600555 - 2004-11-17): math domain error
2019-03-24 01:32:36,981 - ERROR: ERR(600674 - 2004-11-17): math domain error
2019-03-24 01:32:37,059 - ERROR: ERR(600651 - 2004-11-17): math domain error
2019-03-24 01:32:37,372 - ERROR: ERR(600787 - 2004-11-17): math domain error
2019-03-24 02:48:57,011 - ERROR: ERR(600077 - 2009-11-23): math domain error
2019-03-24 02:48:57,058 - ERROR: ERR(600022 - 2009-11-23): math domain error
2019-03-24 02:48:57,355 - ERROR: ERR(600217 - 2009-11-23): math domain error
2019-03-24 02:48:57,464 - ERROR: ERR(600266 - 2009-11-23): math domain error
2019-03-24 02:48:57,714 - ERROR: ERR(600375 - 2009-11-23): math domain error
2019-03-24 02:48:58,324 - ERROR: ERR(600634 - 2009-11-23): math domain error
2019-03-24 02:48:58,590 - ERROR: ERR(600728 - 2009-11-23): math domain error
2019-03-24 02:48:58,903 - ERROR: ERR(600837 - 2009-11-23): math domain error
2019-03-24 02:49:01,449 - ERROR: ERR(600022 - 2009-11-24): math domain error
2019-03-24 02:49:01,465 - ERROR: ERR(600077 - 2009-11-24): math domain error
2019-03-24 02:49:01,715 - ERROR: ERR(600217 - 2009-11-24): math domain error
2019-03-24 02:49:01,918 - ERROR: ERR(600266 - 2009-11-24): math domain error
2019-03-24 02:49:02,168 - ERROR: ERR(600375 - 2009-11-24): math domain error
2019-03-24 02:49:02,699 - ERROR: ERR(600634 - 2009-11-24): math domain error
2019-03-24 02:49:03,093 - ERROR: ERR(600728 - 2009-11-24): math domain error
2019-03-24 02:49:03,280 - ERROR: ERR(600837 - 2009-11-24): math domain error
2019-03-24 02:49:05,768 - ERROR: ERR(600077 - 2009-11-25): math domain error
2019-03-24 02:49:06,081 - ERROR: ERR(600022 - 2009-11-25): math domain error
2019-03-24 02:49:06,221 - ERROR: ERR(600217 - 2009-11-25): math domain error
2019-03-24 02:49:06,362 - ERROR: ERR(600266 - 2009-11-25): math domain error
2019-03-24 02:49:06,502 - ERROR: ERR(600375 - 2009-11-25): math domain error
2019-03-24 02:49:07,145 - ERROR: ERR(600634 - 2009-11-25): math domain error
2019-03-24 02:49:07,301 - ERROR: ERR(600728 - 2009-11-25): math domain error
2019-03-24 02:49:07,785 - ERROR: ERR(601727 - 2009-11-25): math domain error
2019-03-24 02:49:10,239 - ERROR: ERR(600022 - 2009-11-26): math domain error
2019-03-24 02:49:10,380 - ERROR: ERR(600077 - 2009-11-26): math domain error
2019-03-24 02:49:10,427 - ERROR: ERR(600069 - 2009-11-26): math domain error
2019-03-24 02:49:10,442 - ERROR: ERR(600115 - 2009-11-26): math domain error
2019-03-24 02:49:10,489 - ERROR: ERR(600151 - 2009-11-26): math domain error
2019-03-24 02:49:10,614 - ERROR: ERR(600217 - 2009-11-26): math domain error
2019-03-24 02:49:10,661 - ERROR: ERR(600273 - 2009-11-26): math domain error
2019-03-24 02:49:11,067 - ERROR: ERR(600340 - 2009-11-26): math domain error
2019-03-24 02:49:11,130 - ERROR: ERR(600375 - 2009-11-26): math domain error
2019-03-24 02:49:11,130 - ERROR: ERR(600478 - 2009-11-26): math domain error
2019-03-24 02:49:11,208 - ERROR: ERR(600382 - 2009-11-26): math domain error
2019-03-24 02:49:11,473 - ERROR: ERR(600580 - 2009-11-26): math domain error
2019-03-24 02:49:11,677 - ERROR: ERR(600728 - 2009-11-26): math domain error
2019-03-24 02:49:11,786 - ERROR: ERR(600743 - 2009-11-26): math domain error
2019-03-24 02:49:11,786 - ERROR: ERR(600748 - 2009-11-26): math domain error
2019-03-24 02:49:12,054 - ERROR: ERR(600866 - 2009-11-26): math domain error
2019-03-24 02:49:12,148 - ERROR: ERR(600634 - 2009-11-26): math domain error
2019-03-24 02:49:12,148 - ERROR: ERR(600981 - 2009-11-26): math domain error
2019-03-24 02:49:12,163 - ERROR: ERR(600983 - 2009-11-26): math domain error
2019-03-24 02:49:14,569 - ERROR: ERR(600022 - 2009-11-27): math domain error
2019-03-24 02:49:14,569 - ERROR: ERR(600029 - 2009-11-27): math domain error
2019-03-24 02:49:14,616 - ERROR: ERR(600063 - 2009-11-27): math domain error
2019-03-24 02:49:14,710 - ERROR: ERR(600077 - 2009-11-27): math domain error
2019-03-24 02:49:14,913 - ERROR: ERR(600115 - 2009-11-27): math domain error
2019-03-24 02:49:15,101 - ERROR: ERR(600217 - 2009-11-27): math domain error
2019-03-24 02:49:15,116 - ERROR: ERR(600225 - 2009-11-27): math domain error
2019-03-24 02:49:15,351 - ERROR: ERR(600353 - 2009-11-27): math domain error
2019-03-24 02:49:15,460 - ERROR: ERR(600366 - 2009-11-27): math domain error
2019-03-24 02:49:15,476 - ERROR: ERR(600375 - 2009-11-27): math domain error
2019-03-24 02:49:15,554 - ERROR: ERR(600478 - 2009-11-27): math domain error
2019-03-24 02:49:15,632 - ERROR: ERR(600397 - 2009-11-27): math domain error
2019-03-24 02:49:15,679 - ERROR: ERR(600509 - 2009-11-27): math domain error
2019-03-24 02:49:15,826 - ERROR: ERR(600586 - 2009-11-27): math domain error
2019-03-24 02:49:15,920 - ERROR: ERR(600634 - 2009-11-27): math domain error
2019-03-24 02:49:15,920 - ERROR: ERR(600643 - 2009-11-27): math domain error
2019-03-24 02:49:16,232 - ERROR: ERR(600724 - 2009-11-27): math domain error
2019-03-24 02:49:16,763 - ERROR: ERR(601006 - 2009-11-27): math domain error
2019-03-24 02:49:19,032 - ERROR: ERR(600022 - 2009-11-30): math domain error
2019-03-24 02:49:19,313 - ERROR: ERR(600077 - 2009-11-30): math domain error
2019-03-24 02:49:19,485 - ERROR: ERR(600160 - 2009-11-30): math domain error
2019-03-24 02:49:19,610 - ERROR: ERR(600179 - 2009-11-30): math domain error
2019-03-24 02:49:19,625 - ERROR: ERR(600115 - 2009-11-30): math domain error
2019-03-24 02:49:19,672 - ERROR: ERR(600217 - 2009-11-30): math domain error
2019-03-24 02:49:19,922 - ERROR: ERR(600331 - 2009-11-30): math domain error
2019-03-24 02:49:19,922 - ERROR: ERR(600336 - 2009-11-30): math domain error
2019-03-24 02:49:19,985 - ERROR: ERR(600352 - 2009-11-30): math domain error
2019-03-24 02:49:19,985 - ERROR: ERR(600353 - 2009-11-30): math domain error
2019-03-24 02:49:20,141 - ERROR: ERR(600429 - 2009-11-30): math domain error
2019-03-24 02:49:20,453 - ERROR: ERR(600550 - 2009-11-30): math domain error
2019-03-24 02:49:20,547 - ERROR: ERR(600586 - 2009-11-30): math domain error
2019-03-24 02:49:20,641 - ERROR: ERR(600634 - 2009-11-30): math domain error
2019-03-24 02:49:20,657 - ERROR: ERR(600535 - 2009-11-30): math domain error
2019-03-24 02:49:20,844 - ERROR: ERR(600642 - 2009-11-30): math domain error
2019-03-24 02:49:21,500 - ERROR: ERR(601899 - 2009-11-30): math domain error
2019-03-24 02:49:23,706 - ERROR: ERR(600022 - 2009-12-01): math domain error
2019-03-24 02:49:23,784 - ERROR: ERR(600077 - 2009-12-01): math domain error
2019-03-24 02:49:24,222 - ERROR: ERR(600249 - 2009-12-01): math domain error
2019-03-24 02:49:24,222 - ERROR: ERR(600217 - 2009-12-01): math domain error
2019-03-24 02:49:24,706 - ERROR: ERR(600353 - 2009-12-01): math domain error
2019-03-24 02:49:24,737 - ERROR: ERR(600497 - 2009-12-01): math domain error
2019-03-24 02:49:24,893 - ERROR: ERR(600586 - 2009-12-01): math domain error
2019-03-24 02:49:25,034 - ERROR: ERR(600634 - 2009-12-01): math domain error
2019-03-24 02:49:25,081 - ERROR: ERR(600654 - 2009-12-01): math domain error
2019-03-24 02:49:28,175 - ERROR: ERR(600017 - 2009-12-02): math domain error
2019-03-24 02:49:28,190 - ERROR: ERR(600022 - 2009-12-02): math domain error
2019-03-24 02:49:28,347 - ERROR: ERR(600033 - 2009-12-02): math domain error
2019-03-24 02:49:28,347 - ERROR: ERR(600077 - 2009-12-02): math domain error
2019-03-24 02:49:28,768 - ERROR: ERR(600217 - 2009-12-02): math domain error
2019-03-24 02:49:28,866 - ERROR: ERR(600316 - 2009-12-02): math domain error
2019-03-24 02:49:29,054 - ERROR: ERR(600459 - 2009-12-02): math domain error
2019-03-24 02:49:29,257 - ERROR: ERR(600497 - 2009-12-02): math domain error
2019-03-24 02:49:29,444 - ERROR: ERR(600595 - 2009-12-02): math domain error
2019-03-24 02:49:29,523 - ERROR: ERR(600634 - 2009-12-02): math domain error
2019-03-24 02:49:29,601 - ERROR: ERR(600644 - 2009-12-02): math domain error
2019-03-24 02:49:29,851 - ERROR: ERR(600673 - 2009-12-02): math domain error
2019-03-24 02:49:29,929 - ERROR: ERR(600784 - 2009-12-02): math domain error
2019-03-24 02:49:30,163 - ERROR: ERR(600971 - 2009-12-02): math domain error
2019-03-24 02:49:32,746 - ERROR: ERR(600022 - 2009-12-03): math domain error
2019-03-24 02:49:32,761 - ERROR: ERR(600033 - 2009-12-03): math domain error
2019-03-24 02:49:32,871 - ERROR: ERR(600104 - 2009-12-03): math domain error
2019-03-24 02:49:32,886 - ERROR: ERR(600077 - 2009-12-03): math domain error
2019-03-24 02:49:33,152 - ERROR: ERR(600217 - 2009-12-03): math domain error
2019-03-24 02:49:33,293 - ERROR: ERR(600239 - 2009-12-03): math domain error
2019-03-24 02:49:33,574 - ERROR: ERR(600409 - 2009-12-03): math domain error
2019-03-24 02:49:33,574 - ERROR: ERR(600468 - 2009-12-03): math domain error
2019-03-24 02:49:33,683 - ERROR: ERR(600482 - 2009-12-03): math domain error
2019-03-24 02:49:33,949 - ERROR: ERR(600578 - 2009-12-03): math domain error
2019-03-24 02:49:34,011 - ERROR: ERR(600497 - 2009-12-03): math domain error
2019-03-24 02:49:34,136 - ERROR: ERR(600634 - 2009-12-03): math domain error
2019-03-24 02:49:37,322 - ERROR: ERR(600068 - 2009-12-04): math domain error
2019-03-24 02:49:37,369 - ERROR: ERR(600089 - 2009-12-04): math domain error
2019-03-24 02:49:37,385 - ERROR: ERR(600104 - 2009-12-04): math domain error
2019-03-24 02:49:37,401 - ERROR: ERR(600022 - 2009-12-04): math domain error
2019-03-24 02:49:37,416 - ERROR: ERR(600077 - 2009-12-04): math domain error
2019-03-24 02:49:37,557 - ERROR: ERR(600033 - 2009-12-04): math domain error
2019-03-24 02:49:37,760 - ERROR: ERR(600184 - 2009-12-04): math domain error
2019-03-24 02:49:37,760 - ERROR: ERR(600157 - 2009-12-04): math domain error
2019-03-24 02:49:37,776 - ERROR: ERR(600162 - 2009-12-04): math domain error
2019-03-24 02:49:37,854 - ERROR: ERR(600231 - 2009-12-04): math domain error
2019-03-24 02:49:37,979 - ERROR: ERR(600255 - 2009-12-04): math domain error
2019-03-24 02:49:38,042 - ERROR: ERR(600217 - 2009-12-04): math domain error
2019-03-24 02:49:38,135 - ERROR: ERR(600340 - 2009-12-04): math domain error
2019-03-24 02:49:38,135 - ERROR: ERR(600313 - 2009-12-04): math domain error
2019-03-24 02:49:38,245 - ERROR: ERR(600428 - 2009-12-04): math domain error
2019-03-24 02:49:38,292 - ERROR: ERR(600448 - 2009-12-04): math domain error
2019-03-24 02:49:38,510 - ERROR: ERR(600497 - 2009-12-04): math domain error
2019-03-24 02:49:38,917 - ERROR: ERR(600634 - 2009-12-04): math domain error
2019-03-24 02:49:39,354 - ERROR: ERR(600850 - 2009-12-04): math domain error
2019-03-24 02:49:39,370 - ERROR: ERR(600822 - 2009-12-04): math domain error
2019-03-24 02:49:42,027 - ERROR: ERR(600022 - 2009-12-07): math domain error
2019-03-24 02:49:42,027 - ERROR: ERR(600033 - 2009-12-07): math domain error
2019-03-24 02:49:42,106 - ERROR: ERR(600077 - 2009-12-07): math domain error
2019-03-24 02:49:42,231 - ERROR: ERR(600157 - 2009-12-07): math domain error
2019-03-24 02:49:42,293 - ERROR: ERR(600184 - 2009-12-07): math domain error
2019-03-24 02:49:42,527 - ERROR: ERR(600217 - 2009-12-07): math domain error
2019-03-24 02:49:42,699 - ERROR: ERR(600390 - 2009-12-07): math domain error
2019-03-24 02:49:42,699 - ERROR: ERR(600200 - 2009-12-07): math domain error
2019-03-24 02:49:42,793 - ERROR: ERR(600448 - 2009-12-07): math domain error
2019-03-24 02:49:42,918 - ERROR: ERR(600497 - 2009-12-07): math domain error
2019-03-24 02:49:43,090 - ERROR: ERR(600546 - 2009-12-07): math domain error
2019-03-24 02:49:43,309 - ERROR: ERR(600634 - 2009-12-07): math domain error
2019-03-24 02:49:43,699 - ERROR: ERR(600850 - 2009-12-07): math domain error
2019-03-24 02:49:43,746 - ERROR: ERR(600860 - 2009-12-07): math domain error
2019-03-24 02:49:46,356 - ERROR: ERR(600022 - 2009-12-08): math domain error
2019-03-24 02:49:46,638 - ERROR: ERR(600077 - 2009-12-08): math domain error
2019-03-24 02:49:46,638 - ERROR: ERR(600157 - 2009-12-08): math domain error
2019-03-24 02:49:46,919 - ERROR: ERR(600217 - 2009-12-08): math domain error
2019-03-24 02:49:46,919 - ERROR: ERR(600184 - 2009-12-08): math domain error
2019-03-24 02:49:47,278 - ERROR: ERR(600448 - 2009-12-08): math domain error
2019-03-24 02:49:47,466 - ERROR: ERR(600497 - 2009-12-08): math domain error
2019-03-24 02:49:48,015 - ERROR: ERR(600634 - 2009-12-08): math domain error
2019-03-24 02:49:48,296 - ERROR: ERR(600850 - 2009-12-08): math domain error
2019-03-24 02:49:48,312 - ERROR: ERR(600860 - 2009-12-08): math domain error
2019-03-24 02:49:48,530 - ERROR: ERR(601166 - 2009-12-08): math domain error
2019-03-24 02:49:50,875 - ERROR: ERR(600022 - 2009-12-09): math domain error
2019-03-24 02:49:51,156 - ERROR: ERR(600077 - 2009-12-09): math domain error
2019-03-24 02:49:51,218 - ERROR: ERR(600157 - 2009-12-09): math domain error
2019-03-24 02:49:51,328 - ERROR: ERR(600217 - 2009-12-09): math domain error
2019-03-24 02:49:51,781 - ERROR: ERR(600448 - 2009-12-09): math domain error
2019-03-24 02:49:51,843 - ERROR: ERR(600354 - 2009-12-09): math domain error
2019-03-24 02:49:52,281 - ERROR: ERR(600634 - 2009-12-09): math domain error
2019-03-24 02:49:52,359 - ERROR: ERR(600683 - 2009-12-09): math domain error
2019-03-24 02:49:52,750 - ERROR: ERR(600850 - 2009-12-09): math domain error
2019-03-24 02:49:52,781 - ERROR: ERR(600860 - 2009-12-09): math domain error
2019-03-24 02:49:55,362 - ERROR: ERR(600022 - 2009-12-10): math domain error
2019-03-24 02:49:55,440 - ERROR: ERR(600077 - 2009-12-10): math domain error
2019-03-24 02:49:55,737 - ERROR: ERR(600152 - 2009-12-10): math domain error
2019-03-24 02:49:55,846 - ERROR: ERR(600217 - 2009-12-10): math domain error
2019-03-24 02:49:55,955 - ERROR: ERR(600282 - 2009-12-10): math domain error
2019-03-24 02:49:56,409 - ERROR: ERR(600448 - 2009-12-10): math domain error
2019-03-24 02:49:56,784 - ERROR: ERR(600613 - 2009-12-10): math domain error
2019-03-24 02:49:57,143 - ERROR: ERR(600755 - 2009-12-10): math domain error
2019-03-24 02:49:57,143 - ERROR: ERR(600690 - 2009-12-10): math domain error
2019-03-24 02:49:57,221 - ERROR: ERR(600634 - 2009-12-10): math domain error
2019-03-24 02:49:57,502 - ERROR: ERR(600860 - 2009-12-10): math domain error
2019-03-24 02:49:57,549 - ERROR: ERR(600850 - 2009-12-10): math domain error
2019-03-24 02:50:00,082 - ERROR: ERR(600022 - 2009-12-11): math domain error
2019-03-24 02:50:00,176 - ERROR: ERR(600080 - 2009-12-11): math domain error
2019-03-24 02:50:00,223 - ERROR: ERR(600077 - 2009-12-11): math domain error
2019-03-24 02:50:00,473 - ERROR: ERR(600295 - 2009-12-11): math domain error
2019-03-24 02:50:00,566 - ERROR: ERR(600308 - 2009-12-11): math domain error
2019-03-24 02:50:00,676 - ERROR: ERR(600217 - 2009-12-11): math domain error
2019-03-24 02:50:01,257 - ERROR: ERR(600547 - 2009-12-11): math domain error
2019-03-24 02:50:01,351 - ERROR: ERR(600634 - 2009-12-11): math domain error
2019-03-24 02:50:01,398 - ERROR: ERR(600558 - 2009-12-11): math domain error
2019-03-24 02:50:01,413 - ERROR: ERR(600666 - 2009-12-11): math domain error
2019-03-24 02:50:01,444 - ERROR: ERR(600690 - 2009-12-11): math domain error
2019-03-24 02:50:01,507 - ERROR: ERR(600755 - 2009-12-11): math domain error
2019-03-24 02:50:01,835 - ERROR: ERR(600860 - 2009-12-11): math domain error
2019-03-24 02:50:02,085 - ERROR: ERR(600850 - 2009-12-11): math domain error
2019-03-24 02:50:02,116 - ERROR: ERR(600990 - 2009-12-11): math domain error
2019-03-24 02:50:04,383 - ERROR: ERR(600022 - 2009-12-14): math domain error
2019-03-24 02:50:04,461 - ERROR: ERR(600077 - 2009-12-14): math domain error
2019-03-24 02:50:04,476 - ERROR: ERR(600054 - 2009-12-14): math domain error
2019-03-24 02:50:04,508 - ERROR: ERR(600109 - 2009-12-14): math domain error
2019-03-24 02:50:04,789 - ERROR: ERR(600192 - 2009-12-14): math domain error
2019-03-24 02:50:04,836 - ERROR: ERR(600217 - 2009-12-14): math domain error
2019-03-24 02:50:05,117 - ERROR: ERR(600337 - 2009-12-14): math domain error
2019-03-24 02:50:05,633 - ERROR: ERR(600568 - 2009-12-14): math domain error
2019-03-24 02:50:05,774 - ERROR: ERR(600634 - 2009-12-14): math domain error
2019-03-24 02:50:06,024 - ERROR: ERR(600728 - 2009-12-14): math domain error
2019-03-24 02:50:06,133 - ERROR: ERR(600720 - 2009-12-14): math domain error
2019-03-24 02:50:06,149 - ERROR: ERR(600755 - 2009-12-14): math domain error
2019-03-24 02:50:06,149 - ERROR: ERR(600791 - 2009-12-14): math domain error
2019-03-24 02:50:06,164 - ERROR: ERR(600707 - 2009-12-14): math domain error
2019-03-24 02:50:06,227 - ERROR: ERR(600850 - 2009-12-14): math domain error
2019-03-24 02:50:06,383 - ERROR: ERR(600860 - 2009-12-14): math domain error
2019-03-24 02:50:08,885 - ERROR: ERR(600022 - 2009-12-15): math domain error
2019-03-24 02:50:08,948 - ERROR: ERR(600093 - 2009-12-15): math domain error
2019-03-24 02:50:09,260 - ERROR: ERR(600077 - 2009-12-15): math domain error
2019-03-24 02:50:09,557 - ERROR: ERR(600217 - 2009-12-15): math domain error
2019-03-24 02:50:09,573 - ERROR: ERR(600337 - 2009-12-15): math domain error
2019-03-24 02:50:09,604 - ERROR: ERR(600279 - 2009-12-15): math domain error
2019-03-24 02:50:09,760 - ERROR: ERR(600416 - 2009-12-15): math domain error
2019-03-24 02:50:10,151 - ERROR: ERR(600516 - 2009-12-15): math domain error
2019-03-24 02:50:10,417 - ERROR: ERR(600755 - 2009-12-15): math domain error
2019-03-24 02:50:10,433 - ERROR: ERR(600728 - 2009-12-15): math domain error
2019-03-24 02:50:10,448 - ERROR: ERR(600634 - 2009-12-15): math domain error
2019-03-24 02:50:10,511 - ERROR: ERR(600773 - 2009-12-15): math domain error
2019-03-24 02:50:10,776 - ERROR: ERR(600850 - 2009-12-15): math domain error
2019-03-24 02:50:10,792 - ERROR: ERR(600860 - 2009-12-15): math domain error
2019-03-24 02:50:13,402 - ERROR: ERR(600022 - 2009-12-16): math domain error
2019-03-24 02:50:13,964 - ERROR: ERR(600162 - 2009-12-16): math domain error
2019-03-24 02:50:14,027 - ERROR: ERR(600217 - 2009-12-16): math domain error
2019-03-24 02:50:14,105 - ERROR: ERR(600077 - 2009-12-16): math domain error
2019-03-24 02:50:14,261 - ERROR: ERR(600337 - 2009-12-16): math domain error
2019-03-24 02:50:15,183 - ERROR: ERR(600634 - 2009-12-16): math domain error
2019-03-24 02:50:15,230 - ERROR: ERR(600728 - 2009-12-16): math domain error
2019-03-24 02:50:15,277 - ERROR: ERR(600755 - 2009-12-16): math domain error
2019-03-24 02:50:15,355 - ERROR: ERR(600801 - 2009-12-16): math domain error
2019-03-24 02:50:15,386 - ERROR: ERR(600790 - 2009-12-16): math domain error
2019-03-24 02:50:15,402 - ERROR: ERR(600691 - 2009-12-16): math domain error
2019-03-24 02:50:15,433 - ERROR: ERR(600860 - 2009-12-16): math domain error
2019-03-24 02:50:15,480 - ERROR: ERR(600850 - 2009-12-16): math domain error
2019-03-24 02:50:18,342 - ERROR: ERR(600022 - 2009-12-17): math domain error
2019-03-24 02:50:18,436 - ERROR: ERR(600162 - 2009-12-17): math domain error
2019-03-24 02:50:18,530 - ERROR: ERR(600217 - 2009-12-17): math domain error
2019-03-24 02:50:18,577 - ERROR: ERR(600236 - 2009-12-17): math domain error
2019-03-24 02:50:18,717 - ERROR: ERR(600293 - 2009-12-17): math domain error
2019-03-24 02:50:18,796 - ERROR: ERR(600337 - 2009-12-17): math domain error
2019-03-24 02:50:19,093 - ERROR: ERR(600481 - 2009-12-17): math domain error
2019-03-24 02:50:19,390 - ERROR: ERR(600634 - 2009-12-17): math domain error
2019-03-24 02:50:19,390 - ERROR: ERR(600636 - 2009-12-17): math domain error
2019-03-24 02:50:19,687 - ERROR: ERR(600728 - 2009-12-17): math domain error
2019-03-24 02:50:19,749 - ERROR: ERR(600755 - 2009-12-17): math domain error
2019-03-24 02:50:19,812 - ERROR: ERR(600691 - 2009-12-17): math domain error
2019-03-24 02:50:19,890 - ERROR: ERR(600850 - 2009-12-17): math domain error
2019-03-24 02:50:20,046 - ERROR: ERR(600860 - 2009-12-17): math domain error
2019-03-24 02:50:20,109 - ERROR: ERR(600963 - 2009-12-17): math domain error
2019-03-24 02:50:22,502 - ERROR: ERR(600022 - 2009-12-18): math domain error
2019-03-24 02:50:22,596 - ERROR: ERR(600091 - 2009-12-18): math domain error
2019-03-24 02:50:22,831 - ERROR: ERR(600217 - 2009-12-18): math domain error
2019-03-24 02:50:22,862 - ERROR: ERR(600236 - 2009-12-18): math domain error
2019-03-24 02:50:23,143 - ERROR: ERR(600293 - 2009-12-18): math domain error
2019-03-24 02:50:23,206 - ERROR: ERR(600331 - 2009-12-18): math domain error
2019-03-24 02:50:23,315 - ERROR: ERR(600359 - 2009-12-18): math domain error
2019-03-24 02:50:23,362 - ERROR: ERR(600277 - 2009-12-18): math domain error
2019-03-24 02:50:23,377 - ERROR: ERR(600360 - 2009-12-18): math domain error
2019-03-24 02:50:23,440 - ERROR: ERR(600496 - 2009-12-18): math domain error
2019-03-24 02:50:23,471 - ERROR: ERR(600507 - 2009-12-18): math domain error
2019-03-24 02:50:23,534 - ERROR: ERR(600420 - 2009-12-18): math domain error
2019-03-24 02:50:23,627 - ERROR: ERR(600586 - 2009-12-18): math domain error
2019-03-24 02:50:23,706 - ERROR: ERR(600634 - 2009-12-18): math domain error
2019-03-24 02:50:23,862 - ERROR: ERR(600674 - 2009-12-18): math domain error
2019-03-24 02:50:23,924 - ERROR: ERR(600691 - 2009-12-18): math domain error
2019-03-24 02:50:24,002 - ERROR: ERR(600728 - 2009-12-18): math domain error
2019-03-24 02:50:24,377 - ERROR: ERR(600850 - 2009-12-18): math domain error
2019-03-24 02:50:24,377 - ERROR: ERR(600855 - 2009-12-18): math domain error
2019-03-24 02:50:24,393 - ERROR: ERR(600860 - 2009-12-18): math domain error
2019-03-24 02:50:26,960 - ERROR: ERR(600022 - 2009-12-21): math domain error
2019-03-24 02:50:27,288 - ERROR: ERR(600138 - 2009-12-21): math domain error
2019-03-24 02:50:27,304 - ERROR: ERR(600185 - 2009-12-21): math domain error
2019-03-24 02:50:27,413 - ERROR: ERR(600236 - 2009-12-21): math domain error
2019-03-24 02:50:27,429 - ERROR: ERR(600246 - 2009-12-21): math domain error
2019-03-24 02:50:27,491 - ERROR: ERR(600217 - 2009-12-21): math domain error
2019-03-24 02:50:27,507 - ERROR: ERR(600268 - 2009-12-21): math domain error
2019-03-24 02:50:27,538 - ERROR: ERR(600290 - 2009-12-21): math domain error
2019-03-24 02:50:27,616 - ERROR: ERR(600365 - 2009-12-21): math domain error
2019-03-24 02:50:27,710 - ERROR: ERR(600388 - 2009-12-21): math domain error
2019-03-24 02:50:27,991 - ERROR: ERR(600499 - 2009-12-21): math domain error
2019-03-24 02:50:28,241 - ERROR: ERR(600490 - 2009-12-21): math domain error
2019-03-24 02:50:28,788 - ERROR: ERR(600729 - 2009-12-21): math domain error
2019-03-24 02:50:28,788 - ERROR: ERR(600765 - 2009-12-21): math domain error
2019-03-24 02:50:28,804 - ERROR: ERR(600713 - 2009-12-21): math domain error
2019-03-24 02:50:28,851 - ERROR: ERR(600807 - 2009-12-21): math domain error
2019-03-24 02:50:28,882 - ERROR: ERR(600860 - 2009-12-21): math domain error
2019-03-24 02:50:29,038 - ERROR: ERR(600850 - 2009-12-21): math domain error
2019-03-24 02:50:31,477 - ERROR: ERR(600011 - 2009-12-22): math domain error
2019-03-24 02:50:31,571 - ERROR: ERR(600022 - 2009-12-22): math domain error
2019-03-24 02:50:31,571 - ERROR: ERR(600027 - 2009-12-22): math domain error
2019-03-24 02:50:31,712 - ERROR: ERR(600104 - 2009-12-22): math domain error
2019-03-24 02:50:31,916 - ERROR: ERR(600217 - 2009-12-22): math domain error
2019-03-24 02:50:32,009 - ERROR: ERR(600236 - 2009-12-22): math domain error
2019-03-24 02:50:32,134 - ERROR: ERR(600323 - 2009-12-22): math domain error
2019-03-24 02:50:32,291 - ERROR: ERR(600359 - 2009-12-22): math domain error
2019-03-24 02:50:32,384 - ERROR: ERR(600376 - 2009-12-22): math domain error
2019-03-24 02:50:32,463 - ERROR: ERR(600435 - 2009-12-22): math domain error
2019-03-24 02:50:32,650 - ERROR: ERR(600545 - 2009-12-22): math domain error
2019-03-24 02:50:32,963 - ERROR: ERR(600677 - 2009-12-22): math domain error
2019-03-24 02:50:33,181 - ERROR: ERR(600749 - 2009-12-22): math domain error
2019-03-24 02:50:33,228 - ERROR: ERR(600666 - 2009-12-22): math domain error
2019-03-24 02:50:33,228 - ERROR: ERR(600765 - 2009-12-22): math domain error
2019-03-24 02:50:33,353 - ERROR: ERR(600797 - 2009-12-22): math domain error
2019-03-24 02:50:33,384 - ERROR: ERR(600860 - 2009-12-22): math domain error
2019-03-24 02:50:33,572 - ERROR: ERR(600850 - 2009-12-22): math domain error
2019-03-24 02:50:33,619 - ERROR: ERR(600969 - 2009-12-22): math domain error
2019-03-24 02:50:33,619 - ERROR: ERR(601111 - 2009-12-22): math domain error
2019-03-24 02:50:36,276 - ERROR: ERR(600022 - 2009-12-23): math domain error
2019-03-24 02:50:36,558 - ERROR: ERR(600170 - 2009-12-23): math domain error
2019-03-24 02:50:36,651 - ERROR: ERR(600217 - 2009-12-23): math domain error
2019-03-24 02:50:36,870 - ERROR: ERR(600291 - 2009-12-23): math domain error
2019-03-24 02:50:36,995 - ERROR: ERR(600329 - 2009-12-23): math domain error
2019-03-24 02:50:37,011 - ERROR: ERR(600338 - 2009-12-23): math domain error
2019-03-24 02:50:37,370 - ERROR: ERR(600359 - 2009-12-23): math domain error
2019-03-24 02:50:37,370 - ERROR: ERR(600523 - 2009-12-23): math domain error
2019-03-24 02:50:37,495 - ERROR: ERR(600592 - 2009-12-23): math domain error
2019-03-24 02:50:37,573 - ERROR: ERR(600595 - 2009-12-23): math domain error
2019-03-24 02:50:37,605 - ERROR: ERR(600585 - 2009-12-23): math domain error
2019-03-24 02:50:37,948 - ERROR: ERR(600775 - 2009-12-23): math domain error
2019-03-24 02:50:38,245 - ERROR: ERR(600860 - 2009-12-23): math domain error
2019-03-24 02:50:38,276 - ERROR: ERR(600843 - 2009-12-23): math domain error
2019-03-24 02:50:38,276 - ERROR: ERR(600850 - 2009-12-23): math domain error
2019-03-24 02:50:40,874 - ERROR: ERR(600022 - 2009-12-24): math domain error
2019-03-24 02:50:40,890 - ERROR: ERR(600037 - 2009-12-24): math domain error
2019-03-24 02:50:41,156 - ERROR: ERR(600136 - 2009-12-24): math domain error
2019-03-24 02:50:41,265 - ERROR: ERR(600170 - 2009-12-24): math domain error
2019-03-24 02:50:41,374 - ERROR: ERR(600180 - 2009-12-24): math domain error
2019-03-24 02:50:41,437 - ERROR: ERR(600217 - 2009-12-24): math domain error
2019-03-24 02:50:41,531 - ERROR: ERR(600309 - 2009-12-24): math domain error
2019-03-24 02:50:41,593 - ERROR: ERR(600338 - 2009-12-24): math domain error
2019-03-24 02:50:41,593 - ERROR: ERR(600313 - 2009-12-24): math domain error
2019-03-24 02:50:41,609 - ERROR: ERR(600359 - 2009-12-24): math domain error
2019-03-24 02:50:42,031 - ERROR: ERR(600353 - 2009-12-24): math domain error
2019-03-24 02:50:42,093 - ERROR: ERR(600523 - 2009-12-24): math domain error
2019-03-24 02:50:42,359 - ERROR: ERR(600572 - 2009-12-24): math domain error
2019-03-24 02:50:42,359 - ERROR: ERR(600614 - 2009-12-24): math domain error
2019-03-24 02:50:42,515 - ERROR: ERR(600731 - 2009-12-24): math domain error
2019-03-24 02:50:42,578 - ERROR: ERR(600691 - 2009-12-24): math domain error
2019-03-24 02:50:42,656 - ERROR: ERR(600771 - 2009-12-24): math domain error
2019-03-24 02:50:42,734 - ERROR: ERR(600850 - 2009-12-24): math domain error
2019-03-24 02:50:42,812 - ERROR: ERR(600860 - 2009-12-24): math domain error
2019-03-24 02:50:42,812 - ERROR: ERR(600961 - 2009-12-24): math domain error
2019-03-24 02:50:42,828 - ERROR: ERR(600792 - 2009-12-24): math domain error
2019-03-24 02:50:43,546 - ERROR: ERR(600970 - 2009-12-24): math domain error
2019-03-24 02:50:45,406 - ERROR: ERR(600022 - 2009-12-25): math domain error
2019-03-24 02:50:45,438 - ERROR: ERR(600008 - 2009-12-25): math domain error
2019-03-24 02:50:45,469 - ERROR: ERR(600075 - 2009-12-25): math domain error
2019-03-24 02:50:45,703 - ERROR: ERR(600061 - 2009-12-25): math domain error
2019-03-24 02:50:45,719 - ERROR: ERR(600136 - 2009-12-25): math domain error
2019-03-24 02:50:45,844 - ERROR: ERR(600170 - 2009-12-25): math domain error
2019-03-24 02:50:45,860 - ERROR: ERR(600217 - 2009-12-25): math domain error
2019-03-24 02:50:45,875 - ERROR: ERR(600157 - 2009-12-25): math domain error
2019-03-24 02:50:45,922 - ERROR: ERR(600180 - 2009-12-25): math domain error
2019-03-24 02:50:45,938 - ERROR: ERR(600266 - 2009-12-25): math domain error
2019-03-24 02:50:46,078 - ERROR: ERR(600338 - 2009-12-25): math domain error
2019-03-24 02:50:46,235 - ERROR: ERR(600320 - 2009-12-25): math domain error
2019-03-24 02:50:46,344 - ERROR: ERR(600381 - 2009-12-25): math domain error
2019-03-24 02:50:46,391 - ERROR: ERR(600359 - 2009-12-25): math domain error
2019-03-24 02:50:46,406 - ERROR: ERR(600328 - 2009-12-25): math domain error
2019-03-24 02:50:46,453 - ERROR: ERR(600486 - 2009-12-25): math domain error
2019-03-24 02:50:46,469 - ERROR: ERR(600460 - 2009-12-25): math domain error
2019-03-24 02:50:46,641 - ERROR: ERR(600599 - 2009-12-25): math domain error
2019-03-24 02:50:46,656 - ERROR: ERR(600606 - 2009-12-25): math domain error
2019-03-24 02:50:46,907 - ERROR: ERR(600716 - 2009-12-25): math domain error
2019-03-24 02:50:47,032 - ERROR: ERR(600654 - 2009-12-25): math domain error
2019-03-24 02:50:47,032 - ERROR: ERR(600523 - 2009-12-25): math domain error
2019-03-24 02:50:47,094 - ERROR: ERR(600795 - 2009-12-25): math domain error
2019-03-24 02:50:47,235 - ERROR: ERR(600850 - 2009-12-25): math domain error
2019-03-24 02:50:47,282 - ERROR: ERR(600860 - 2009-12-25): math domain error
2019-03-24 02:50:47,344 - ERROR: ERR(600961 - 2009-12-25): math domain error
2019-03-24 02:50:47,376 - ERROR: ERR(600885 - 2009-12-25): math domain error
2019-03-24 02:50:49,704 - ERROR: ERR(600033 - 2009-12-28): math domain error
2019-03-24 02:50:49,751 - ERROR: ERR(600022 - 2009-12-28): math domain error
2019-03-24 02:50:49,797 - ERROR: ERR(600066 - 2009-12-28): math domain error
2019-03-24 02:50:49,907 - ERROR: ERR(600136 - 2009-12-28): math domain error
2019-03-24 02:50:50,079 - ERROR: ERR(600170 - 2009-12-28): math domain error
2019-03-24 02:50:50,110 - ERROR: ERR(600217 - 2009-12-28): math domain error
2019-03-24 02:50:50,126 - ERROR: ERR(600229 - 2009-12-28): math domain error
2019-03-24 02:50:50,235 - ERROR: ERR(600180 - 2009-12-28): math domain error
2019-03-24 02:50:50,251 - ERROR: ERR(600223 - 2009-12-28): math domain error
2019-03-24 02:50:50,360 - ERROR: ERR(600295 - 2009-12-28): math domain error
2019-03-24 02:50:50,391 - ERROR: ERR(600338 - 2009-12-28): math domain error
2019-03-24 02:50:50,469 - ERROR: ERR(600359 - 2009-12-28): math domain error
2019-03-24 02:50:50,672 - ERROR: ERR(600512 - 2009-12-28): math domain error
2019-03-24 02:50:50,688 - ERROR: ERR(600523 - 2009-12-28): math domain error
2019-03-24 02:50:50,688 - ERROR: ERR(600460 - 2009-12-28): math domain error
2019-03-24 02:50:50,719 - ERROR: ERR(600538 - 2009-12-28): math domain error
2019-03-24 02:50:50,797 - ERROR: ERR(600481 - 2009-12-28): math domain error
2019-03-24 02:50:50,813 - ERROR: ERR(600589 - 2009-12-28): math domain error
2019-03-24 02:50:50,829 - ERROR: ERR(600532 - 2009-12-28): math domain error
2019-03-24 02:50:50,860 - ERROR: ERR(600603 - 2009-12-28): math domain error
2019-03-24 02:50:50,941 - ERROR: ERR(600626 - 2009-12-28): math domain error
2019-03-24 02:50:51,081 - ERROR: ERR(600657 - 2009-12-28): math domain error
2019-03-24 02:50:51,206 - ERROR: ERR(600658 - 2009-12-28): math domain error
2019-03-24 02:50:51,300 - ERROR: ERR(600720 - 2009-12-28): math domain error
2019-03-24 02:50:51,410 - ERROR: ERR(600739 - 2009-12-28): math domain error
2019-03-24 02:50:51,456 - ERROR: ERR(600805 - 2009-12-28): math domain error
2019-03-24 02:50:51,535 - ERROR: ERR(600860 - 2009-12-28): math domain error
2019-03-24 02:50:51,550 - ERROR: ERR(600864 - 2009-12-28): math domain error
2019-03-24 02:50:51,550 - ERROR: ERR(600866 - 2009-12-28): math domain error
2019-03-24 02:50:51,691 - ERROR: ERR(600886 - 2009-12-28): math domain error
2019-03-24 02:50:51,738 - ERROR: ERR(600961 - 2009-12-28): math domain error
2019-03-24 02:50:51,769 - ERROR: ERR(600850 - 2009-12-28): math domain error
2019-03-24 02:50:51,785 - ERROR: ERR(600862 - 2009-12-28): math domain error
2019-03-24 02:50:51,816 - ERROR: ERR(600975 - 2009-12-28): math domain error
2019-03-24 02:50:54,552 - ERROR: ERR(600017 - 2009-12-29): math domain error
2019-03-24 02:50:54,568 - ERROR: ERR(600022 - 2009-12-29): math domain error
2019-03-24 02:50:54,568 - ERROR: ERR(600035 - 2009-12-29): math domain error
2019-03-24 02:50:54,740 - ERROR: ERR(600076 - 2009-12-29): math domain error
2019-03-24 02:50:54,771 - ERROR: ERR(600129 - 2009-12-29): math domain error
2019-03-24 02:50:54,786 - ERROR: ERR(600100 - 2009-12-29): math domain error
2019-03-24 02:50:54,833 - ERROR: ERR(600155 - 2009-12-29): math domain error
2019-03-24 02:50:54,927 - ERROR: ERR(600198 - 2009-12-29): math domain error
2019-03-24 02:50:54,943 - ERROR: ERR(600136 - 2009-12-29): math domain error
2019-03-24 02:50:54,974 - ERROR: ERR(600180 - 2009-12-29): math domain error
2019-03-24 02:50:55,036 - ERROR: ERR(600217 - 2009-12-29): math domain error
2019-03-24 02:50:55,411 - ERROR: ERR(600301 - 2009-12-29): math domain error
2019-03-24 02:50:55,443 - ERROR: ERR(600240 - 2009-12-29): math domain error
2019-03-24 02:50:55,458 - ERROR: ERR(600359 - 2009-12-29): math domain error
2019-03-24 02:50:55,740 - ERROR: ERR(600460 - 2009-12-29): math domain error
2019-03-24 02:50:55,755 - ERROR: ERR(600338 - 2009-12-29): math domain error
2019-03-24 02:50:55,786 - ERROR: ERR(600518 - 2009-12-29): math domain error
2019-03-24 02:50:55,927 - ERROR: ERR(600562 - 2009-12-29): math domain error
2019-03-24 02:50:56,068 - ERROR: ERR(600523 - 2009-12-29): math domain error
2019-03-24 02:50:56,161 - ERROR: ERR(600604 - 2009-12-29): math domain error
2019-03-24 02:50:56,177 - ERROR: ERR(600645 - 2009-12-29): math domain error
2019-03-24 02:50:56,302 - ERROR: ERR(600685 - 2009-12-29): math domain error
2019-03-24 02:50:56,365 - ERROR: ERR(600690 - 2009-12-29): math domain error
2019-03-24 02:50:56,708 - ERROR: ERR(600739 - 2009-12-29): math domain error
2019-03-24 02:50:56,755 - ERROR: ERR(600850 - 2009-12-29): math domain error
2019-03-24 02:50:56,755 - ERROR: ERR(600812 - 2009-12-29): math domain error
2019-03-24 02:50:56,849 - ERROR: ERR(600866 - 2009-12-29): math domain error
2019-03-24 02:50:56,912 - ERROR: ERR(600892 - 2009-12-29): math domain error
2019-03-24 02:50:59,475 - ERROR: ERR(600063 - 2009-12-30): math domain error
2019-03-24 02:50:59,568 - ERROR: ERR(600022 - 2009-12-30): math domain error
2019-03-24 02:50:59,693 - ERROR: ERR(600177 - 2009-12-30): math domain error
2019-03-24 02:50:59,756 - ERROR: ERR(600100 - 2009-12-30): math domain error
2019-03-24 02:50:59,772 - ERROR: ERR(600180 - 2009-12-30): math domain error
2019-03-24 02:50:59,818 - ERROR: ERR(600136 - 2009-12-30): math domain error
2019-03-24 02:50:59,834 - ERROR: ERR(600217 - 2009-12-30): math domain error
2019-03-24 02:50:59,834 - ERROR: ERR(600252 - 2009-12-30): math domain error
2019-03-24 02:51:00,054 - ERROR: ERR(600221 - 2009-12-30): math domain error
2019-03-24 02:51:00,132 - ERROR: ERR(600338 - 2009-12-30): math domain error
2019-03-24 02:51:00,132 - ERROR: ERR(600272 - 2009-12-30): math domain error
2019-03-24 02:51:00,179 - ERROR: ERR(600373 - 2009-12-30): math domain error
2019-03-24 02:51:00,226 - ERROR: ERR(600359 - 2009-12-30): math domain error
2019-03-24 02:51:00,273 - ERROR: ERR(600456 - 2009-12-30): math domain error
2019-03-24 02:51:00,601 - ERROR: ERR(600540 - 2009-12-30): math domain error
2019-03-24 02:51:00,648 - ERROR: ERR(600460 - 2009-12-30): math domain error
2019-03-24 02:51:00,741 - ERROR: ERR(600576 - 2009-12-30): math domain error
2019-03-24 02:51:00,788 - ERROR: ERR(600604 - 2009-12-30): math domain error
2019-03-24 02:51:00,835 - ERROR: ERR(600562 - 2009-12-30): math domain error
2019-03-24 02:51:00,851 - ERROR: ERR(600640 - 2009-12-30): math domain error
2019-03-24 02:51:00,976 - ERROR: ERR(600710 - 2009-12-30): math domain error
2019-03-24 02:51:00,991 - ERROR: ERR(600755 - 2009-12-30): math domain error
2019-03-24 02:51:01,023 - ERROR: ERR(600739 - 2009-12-30): math domain error
2019-03-24 02:51:01,038 - ERROR: ERR(600782 - 2009-12-30): math domain error
2019-03-24 02:51:01,429 - ERROR: ERR(600866 - 2009-12-30): math domain error
2019-03-24 02:51:01,491 - ERROR: ERR(600875 - 2009-12-30): math domain error
2019-03-24 02:51:01,523 - ERROR: ERR(601600 - 2009-12-30): math domain error
2019-03-24 02:51:01,554 - ERROR: ERR(601008 - 2009-12-30): math domain error
2019-03-24 02:51:01,601 - ERROR: ERR(600850 - 2009-12-30): math domain error
2019-03-24 02:51:01,757 - ERROR: ERR(600966 - 2009-12-30): math domain error
2019-03-24 02:51:03,851 - ERROR: ERR(600022 - 2009-12-31): math domain error
2019-03-24 02:51:03,992 - ERROR: ERR(600100 - 2009-12-31): math domain error
2019-03-24 02:51:04,085 - ERROR: ERR(600136 - 2009-12-31): math domain error
2019-03-24 02:51:04,132 - ERROR: ERR(600125 - 2009-12-31): math domain error
2019-03-24 02:51:04,242 - ERROR: ERR(600217 - 2009-12-31): math domain error
2019-03-24 02:51:04,398 - ERROR: ERR(600180 - 2009-12-31): math domain error
2019-03-24 02:51:04,492 - ERROR: ERR(600307 - 2009-12-31): math domain error
2019-03-24 02:51:04,648 - ERROR: ERR(600361 - 2009-12-31): math domain error
2019-03-24 02:51:04,679 - ERROR: ERR(600387 - 2009-12-31): math domain error
2019-03-24 02:51:04,773 - ERROR: ERR(600397 - 2009-12-31): math domain error
2019-03-24 02:51:04,820 - ERROR: ERR(600359 - 2009-12-31): math domain error
2019-03-24 02:51:04,835 - ERROR: ERR(600460 - 2009-12-31): math domain error
2019-03-24 02:51:04,992 - ERROR: ERR(600338 - 2009-12-31): math domain error
2019-03-24 02:51:04,992 - ERROR: ERR(600540 - 2009-12-31): math domain error
2019-03-24 02:51:05,180 - ERROR: ERR(600583 - 2009-12-31): math domain error
2019-03-24 02:51:05,477 - ERROR: ERR(600739 - 2009-12-31): math domain error
2019-03-24 02:51:05,649 - ERROR: ERR(600760 - 2009-12-31): math domain error
2019-03-24 02:51:05,695 - ERROR: ERR(600866 - 2009-12-31): math domain error
2019-03-24 02:51:05,727 - ERROR: ERR(600850 - 2009-12-31): math domain error
2019-03-24 02:51:08,602 - ERROR: ERR(600022 - 2010-01-04): math domain error
2019-03-24 02:51:08,805 - ERROR: ERR(600217 - 2010-01-04): math domain error
2019-03-24 02:51:08,805 - ERROR: ERR(600146 - 2010-01-04): math domain error
2019-03-24 02:51:08,805 - ERROR: ERR(600180 - 2010-01-04): math domain error
2019-03-24 02:51:08,977 - ERROR: ERR(600359 - 2010-01-04): math domain error
2019-03-24 02:51:09,008 - ERROR: ERR(600338 - 2010-01-04): math domain error
2019-03-24 02:51:09,321 - ERROR: ERR(600403 - 2010-01-04): math domain error
2019-03-24 02:51:10,181 - ERROR: ERR(600739 - 2010-01-04): math domain error
2019-03-24 02:51:10,259 - ERROR: ERR(600850 - 2010-01-04): math domain error
2019-03-24 02:51:10,290 - ERROR: ERR(600866 - 2010-01-04): math domain error
2019-03-24 02:51:12,963 - ERROR: ERR(600022 - 2010-01-05): math domain error
2019-03-24 02:51:13,088 - ERROR: ERR(600128 - 2010-01-05): math domain error
2019-03-24 02:51:13,276 - ERROR: ERR(600060 - 2010-01-05): math domain error
2019-03-24 02:51:13,291 - ERROR: ERR(600146 - 2010-01-05): math domain error
2019-03-24 02:51:13,323 - ERROR: ERR(600166 - 2010-01-05): math domain error
2019-03-24 02:51:13,463 - ERROR: ERR(600217 - 2010-01-05): math domain error
2019-03-24 02:51:13,776 - ERROR: ERR(600435 - 2010-01-05): math domain error
2019-03-24 02:51:13,791 - ERROR: ERR(600359 - 2010-01-05): math domain error
2019-03-24 02:51:13,791 - ERROR: ERR(600403 - 2010-01-05): math domain error
2019-03-24 02:51:13,791 - ERROR: ERR(600408 - 2010-01-05): math domain error
2019-03-24 02:51:14,666 - ERROR: ERR(600739 - 2010-01-05): math domain error
2019-03-24 02:51:14,760 - ERROR: ERR(600866 - 2010-01-05): math domain error
2019-03-24 02:51:14,854 - ERROR: ERR(600850 - 2010-01-05): math domain error
2019-03-24 02:51:17,466 - ERROR: ERR(600022 - 2010-01-06): math domain error
2019-03-24 02:51:17,684 - ERROR: ERR(600146 - 2010-01-06): math domain error
2019-03-24 02:51:17,747 - ERROR: ERR(600217 - 2010-01-06): math domain error
2019-03-24 02:51:18,060 - ERROR: ERR(600335 - 2010-01-06): math domain error
2019-03-24 02:51:18,138 - ERROR: ERR(600359 - 2010-01-06): math domain error
2019-03-24 02:51:18,154 - ERROR: ERR(600369 - 2010-01-06): math domain error
2019-03-24 02:51:18,216 - ERROR: ERR(600403 - 2010-01-06): math domain error
2019-03-24 02:51:18,591 - ERROR: ERR(600516 - 2010-01-06): math domain error
2019-03-24 02:51:18,654 - ERROR: ERR(600586 - 2010-01-06): math domain error
2019-03-24 02:51:18,872 - ERROR: ERR(600739 - 2010-01-06): math domain error
2019-03-24 02:51:19,279 - ERROR: ERR(600866 - 2010-01-06): math domain error
2019-03-24 02:51:19,326 - ERROR: ERR(600850 - 2010-01-06): math domain error
2019-03-24 02:51:19,669 - ERROR: ERR(600982 - 2010-01-06): math domain error
2019-03-24 02:51:21,857 - ERROR: ERR(600022 - 2010-01-07): math domain error
2019-03-24 02:51:21,935 - ERROR: ERR(600070 - 2010-01-07): math domain error
2019-03-24 02:51:22,013 - ERROR: ERR(600146 - 2010-01-07): math domain error
2019-03-24 02:51:22,013 - ERROR: ERR(600152 - 2010-01-07): math domain error
2019-03-24 02:51:22,295 - ERROR: ERR(600217 - 2010-01-07): math domain error
2019-03-24 02:51:22,342 - ERROR: ERR(600241 - 2010-01-07): math domain error
2019-03-24 02:51:22,748 - ERROR: ERR(600359 - 2010-01-07): math domain error
2019-03-24 02:51:22,967 - ERROR: ERR(600403 - 2010-01-07): math domain error
2019-03-24 02:51:23,560 - ERROR: ERR(600580 - 2010-01-07): math domain error
2019-03-24 02:51:23,592 - ERROR: ERR(600713 - 2010-01-07): math domain error
2019-03-24 02:51:23,717 - ERROR: ERR(600739 - 2010-01-07): math domain error
2019-03-24 02:51:23,842 - ERROR: ERR(600850 - 2010-01-07): math domain error
2019-03-24 02:51:23,891 - ERROR: ERR(600866 - 2010-01-07): math domain error
2019-03-24 02:51:26,550 - ERROR: ERR(600011 - 2010-01-08): math domain error
2019-03-24 02:51:26,566 - ERROR: ERR(600022 - 2010-01-08): math domain error
2019-03-24 02:51:26,831 - ERROR: ERR(600146 - 2010-01-08): math domain error
2019-03-24 02:51:26,894 - ERROR: ERR(600209 - 2010-01-08): math domain error
2019-03-24 02:51:26,894 - ERROR: ERR(600217 - 2010-01-08): math domain error
2019-03-24 02:51:27,097 - ERROR: ERR(600208 - 2010-01-08): math domain error
2019-03-24 02:51:27,175 - ERROR: ERR(600196 - 2010-01-08): math domain error
2019-03-24 02:51:27,300 - ERROR: ERR(600310 - 2010-01-08): math domain error
2019-03-24 02:51:27,331 - ERROR: ERR(600365 - 2010-01-08): math domain error
2019-03-24 02:51:27,534 - ERROR: ERR(600359 - 2010-01-08): math domain error
2019-03-24 02:51:27,534 - ERROR: ERR(600403 - 2010-01-08): math domain error
2019-03-24 02:51:27,722 - ERROR: ERR(600488 - 2010-01-08): math domain error
2019-03-24 02:51:28,144 - ERROR: ERR(600706 - 2010-01-08): math domain error
2019-03-24 02:51:28,238 - ERROR: ERR(600739 - 2010-01-08): math domain error
2019-03-24 02:51:28,238 - ERROR: ERR(600776 - 2010-01-08): math domain error
2019-03-24 02:51:28,300 - ERROR: ERR(600780 - 2010-01-08): math domain error
2019-03-24 02:51:28,347 - ERROR: ERR(600703 - 2010-01-08): math domain error
2019-03-24 02:51:28,363 - ERROR: ERR(600850 - 2010-01-08): math domain error
2019-03-24 02:51:28,378 - ERROR: ERR(600858 - 2010-01-08): math domain error
2019-03-24 02:51:28,441 - ERROR: ERR(600866 - 2010-01-08): math domain error
2019-03-24 02:51:28,535 - ERROR: ERR(600738 - 2010-01-08): math domain error
2019-03-24 02:51:28,675 - ERROR: ERR(600816 - 2010-01-08): math domain error
2019-03-24 02:51:31,021 - ERROR: ERR(600011 - 2010-01-11): math domain error
2019-03-24 02:51:31,099 - ERROR: ERR(600022 - 2010-01-11): math domain error
2019-03-24 02:51:31,443 - ERROR: ERR(600173 - 2010-01-11): math domain error
2019-03-24 02:51:31,506 - ERROR: ERR(600209 - 2010-01-11): math domain error
2019-03-24 02:51:31,521 - ERROR: ERR(600217 - 2010-01-11): math domain error
2019-03-24 02:51:31,521 - ERROR: ERR(600146 - 2010-01-11): math domain error
2019-03-24 02:51:31,787 - ERROR: ERR(600359 - 2010-01-11): math domain error
2019-03-24 02:51:31,834 - ERROR: ERR(600392 - 2010-01-11): math domain error
2019-03-24 02:51:32,131 - ERROR: ERR(600403 - 2010-01-11): math domain error
2019-03-24 02:51:32,693 - ERROR: ERR(600703 - 2010-01-11): math domain error
2019-03-24 02:51:32,865 - ERROR: ERR(600787 - 2010-01-11): math domain error
2019-03-24 02:51:33,037 - ERROR: ERR(600884 - 2010-01-11): math domain error
2019-03-24 02:51:33,037 - ERROR: ERR(600850 - 2010-01-11): math domain error
2019-03-24 02:51:33,459 - ERROR: ERR(600988 - 2010-01-11): math domain error
2019-03-24 02:51:35,509 - ERROR: ERR(600011 - 2010-01-12): math domain error
2019-03-24 02:51:35,603 - ERROR: ERR(600022 - 2010-01-12): math domain error
2019-03-24 02:51:35,869 - ERROR: ERR(600115 - 2010-01-12): math domain error
2019-03-24 02:51:35,932 - ERROR: ERR(600146 - 2010-01-12): math domain error
2019-03-24 02:51:36,260 - ERROR: ERR(600217 - 2010-01-12): math domain error
2019-03-24 02:51:36,307 - ERROR: ERR(600359 - 2010-01-12): math domain error
2019-03-24 02:51:36,447 - ERROR: ERR(600403 - 2010-01-12): math domain error
2019-03-24 02:51:36,854 - ERROR: ERR(600599 - 2010-01-12): math domain error
2019-03-24 02:51:37,135 - ERROR: ERR(600686 - 2010-01-12): math domain error
2019-03-24 02:51:37,494 - ERROR: ERR(600850 - 2010-01-12): math domain error
2019-03-24 02:51:37,666 - ERROR: ERR(600988 - 2010-01-12): math domain error
2019-03-24 02:51:37,760 - ERROR: ERR(601009 - 2010-01-12): math domain error
2019-03-24 02:51:40,028 - ERROR: ERR(600011 - 2010-01-13): math domain error
2019-03-24 02:51:40,091 - ERROR: ERR(600022 - 2010-01-13): math domain error
2019-03-24 02:51:40,450 - ERROR: ERR(600146 - 2010-01-13): math domain error
2019-03-24 02:51:40,466 - ERROR: ERR(600115 - 2010-01-13): math domain error
2019-03-24 02:51:40,638 - ERROR: ERR(600217 - 2010-01-13): math domain error
2019-03-24 02:51:41,153 - ERROR: ERR(600359 - 2010-01-13): math domain error
2019-03-24 02:51:41,247 - ERROR: ERR(600536 - 2010-01-13): math domain error
2019-03-24 02:51:41,278 - ERROR: ERR(600403 - 2010-01-13): math domain error
2019-03-24 02:51:41,294 - ERROR: ERR(600537 - 2010-01-13): math domain error
2019-03-24 02:51:41,606 - ERROR: ERR(600687 - 2010-01-13): math domain error
2019-03-24 02:51:42,124 - ERROR: ERR(600988 - 2010-01-13): math domain error
2019-03-24 02:51:44,624 - ERROR: ERR(600022 - 2010-01-14): math domain error
2019-03-24 02:51:44,671 - ERROR: ERR(600011 - 2010-01-14): math domain error
2019-03-24 02:51:44,764 - ERROR: ERR(600115 - 2010-01-14): math domain error
2019-03-24 02:51:44,889 - ERROR: ERR(600146 - 2010-01-14): math domain error
2019-03-24 02:51:44,952 - ERROR: ERR(600217 - 2010-01-14): math domain error
2019-03-24 02:51:45,374 - ERROR: ERR(600359 - 2010-01-14): math domain error
2019-03-24 02:51:45,484 - ERROR: ERR(600403 - 2010-01-14): math domain error
2019-03-24 02:51:45,827 - ERROR: ERR(600512 - 2010-01-14): math domain error
2019-03-24 02:51:46,124 - ERROR: ERR(600477 - 2010-01-14): math domain error
2019-03-24 02:51:46,124 - ERROR: ERR(600691 - 2010-01-14): math domain error
2019-03-24 02:51:46,843 - ERROR: ERR(600967 - 2010-01-14): math domain error
2019-03-24 02:51:46,968 - ERROR: ERR(600988 - 2010-01-14): math domain error
2019-03-24 02:51:49,288 - ERROR: ERR(600022 - 2010-01-15): math domain error
2019-03-24 02:51:49,304 - ERROR: ERR(600039 - 2010-01-15): math domain error
2019-03-24 02:51:49,335 - ERROR: ERR(600011 - 2010-01-15): math domain error
2019-03-24 02:51:49,538 - ERROR: ERR(600077 - 2010-01-15): math domain error
2019-03-24 02:51:49,538 - ERROR: ERR(600086 - 2010-01-15): math domain error
2019-03-24 02:51:49,585 - ERROR: ERR(600146 - 2010-01-15): math domain error
2019-03-24 02:51:49,632 - ERROR: ERR(600139 - 2010-01-15): math domain error
2019-03-24 02:51:49,663 - ERROR: ERR(600195 - 2010-01-15): math domain error
2019-03-24 02:51:49,773 - ERROR: ERR(600217 - 2010-01-15): math domain error
2019-03-24 02:51:49,820 - ERROR: ERR(600284 - 2010-01-15): math domain error
2019-03-24 02:51:50,038 - ERROR: ERR(600359 - 2010-01-15): math domain error
2019-03-24 02:51:50,398 - ERROR: ERR(600584 - 2010-01-15): math domain error
2019-03-24 02:51:50,413 - ERROR: ERR(600403 - 2010-01-15): math domain error
2019-03-24 02:51:50,773 - ERROR: ERR(600683 - 2010-01-15): math domain error
2019-03-24 02:51:50,788 - ERROR: ERR(600691 - 2010-01-15): math domain error
2019-03-24 02:51:50,898 - ERROR: ERR(600750 - 2010-01-15): math domain error
2019-03-24 02:51:50,898 - ERROR: ERR(600751 - 2010-01-15): math domain error
2019-03-24 02:51:51,008 - ERROR: ERR(600759 - 2010-01-15): math domain error
2019-03-24 02:51:51,148 - ERROR: ERR(600881 - 2010-01-15): math domain error
2019-03-24 02:51:51,242 - ERROR: ERR(600988 - 2010-01-15): math domain error
2019-03-24 02:51:51,648 - ERROR: ERR(600992 - 2010-01-15): math domain error
2019-03-24 02:51:53,680 - ERROR: ERR(600022 - 2010-01-18): math domain error
2019-03-24 02:51:53,977 - ERROR: ERR(600146 - 2010-01-18): math domain error
2019-03-24 02:51:54,165 - ERROR: ERR(600217 - 2010-01-18): math domain error
2019-03-24 02:51:54,477 - ERROR: ERR(600359 - 2010-01-18): math domain error
2019-03-24 02:51:54,477 - ERROR: ERR(600403 - 2010-01-18): math domain error
2019-03-24 02:51:54,602 - ERROR: ERR(600470 - 2010-01-18): math domain error
2019-03-24 02:51:55,213 - ERROR: ERR(600691 - 2010-01-18): math domain error
2019-03-24 02:51:55,526 - ERROR: ERR(600794 - 2010-01-18): math domain error
2019-03-24 02:51:55,557 - ERROR: ERR(600734 - 2010-01-18): math domain error
2019-03-24 02:51:55,682 - ERROR: ERR(600703 - 2010-01-18): math domain error
2019-03-24 02:51:58,136 - ERROR: ERR(600022 - 2010-01-19): math domain error
2019-03-24 02:51:58,448 - ERROR: ERR(600217 - 2010-01-19): math domain error
2019-03-24 02:51:58,448 - ERROR: ERR(600146 - 2010-01-19): math domain error
2019-03-24 02:51:58,683 - ERROR: ERR(600199 - 2010-01-19): math domain error
2019-03-24 02:51:58,870 - ERROR: ERR(600359 - 2010-01-19): math domain error
2019-03-24 02:51:59,011 - ERROR: ERR(600403 - 2010-01-19): math domain error
2019-03-24 02:51:59,292 - ERROR: ERR(600597 - 2010-01-19): math domain error
2019-03-24 02:51:59,589 - ERROR: ERR(600703 - 2010-01-19): math domain error
2019-03-24 02:51:59,652 - ERROR: ERR(600658 - 2010-01-19): math domain error
2019-03-24 02:51:59,730 - ERROR: ERR(600734 - 2010-01-19): math domain error
2019-03-24 02:51:59,917 - ERROR: ERR(600848 - 2010-01-19): math domain error
2019-03-24 02:52:00,011 - ERROR: ERR(600893 - 2010-01-19): math domain error
2019-03-24 02:52:02,512 - ERROR: ERR(600022 - 2010-01-20): math domain error
2019-03-24 02:52:02,809 - ERROR: ERR(600146 - 2010-01-20): math domain error
2019-03-24 02:52:03,044 - ERROR: ERR(600199 - 2010-01-20): math domain error
2019-03-24 02:52:03,075 - ERROR: ERR(600217 - 2010-01-20): math domain error
2019-03-24 02:52:03,200 - ERROR: ERR(600285 - 2010-01-20): math domain error
2019-03-24 02:52:03,215 - ERROR: ERR(600223 - 2010-01-20): math domain error
2019-03-24 02:52:03,325 - ERROR: ERR(600359 - 2010-01-20): math domain error
2019-03-24 02:52:03,387 - ERROR: ERR(600403 - 2010-01-20): math domain error
2019-03-24 02:52:03,559 - ERROR: ERR(600543 - 2010-01-20): math domain error
2019-03-24 02:52:03,954 - ERROR: ERR(600658 - 2010-01-20): math domain error
2019-03-24 02:52:04,017 - ERROR: ERR(600691 - 2010-01-20): math domain error
2019-03-24 02:52:04,048 - ERROR: ERR(600597 - 2010-01-20): math domain error
2019-03-24 02:52:04,048 - ERROR: ERR(600716 - 2010-01-20): math domain error
2019-03-24 02:52:04,095 - ERROR: ERR(600734 - 2010-01-20): math domain error
2019-03-24 02:52:04,486 - ERROR: ERR(600900 - 2010-01-20): math domain error
2019-03-24 02:52:04,611 - ERROR: ERR(600988 - 2010-01-20): math domain error
2019-03-24 02:52:07,206 - ERROR: ERR(600022 - 2010-01-21): math domain error
2019-03-24 02:52:07,268 - ERROR: ERR(600146 - 2010-01-21): math domain error
2019-03-24 02:52:07,331 - ERROR: ERR(600138 - 2010-01-21): math domain error
2019-03-24 02:52:07,393 - ERROR: ERR(600209 - 2010-01-21): math domain error
2019-03-24 02:52:07,471 - ERROR: ERR(600217 - 2010-01-21): math domain error
2019-03-24 02:52:07,846 - ERROR: ERR(600403 - 2010-01-21): math domain error
2019-03-24 02:52:08,474 - ERROR: ERR(600658 - 2010-01-21): math domain error
2019-03-24 02:52:08,537 - ERROR: ERR(600734 - 2010-01-21): math domain error
2019-03-24 02:52:09,193 - ERROR: ERR(600988 - 2010-01-21): math domain error
2019-03-24 02:52:09,209 - ERROR: ERR(600869 - 2010-01-21): math domain error
2019-03-24 02:52:11,695 - ERROR: ERR(600031 - 2010-01-22): math domain error
2019-03-24 02:52:11,804 - ERROR: ERR(600022 - 2010-01-22): math domain error
2019-03-24 02:52:11,945 - ERROR: ERR(600146 - 2010-01-22): math domain error
2019-03-24 02:52:12,007 - ERROR: ERR(600141 - 2010-01-22): math domain error
2019-03-24 02:52:12,304 - ERROR: ERR(600209 - 2010-01-22): math domain error
2019-03-24 02:52:12,367 - ERROR: ERR(600240 - 2010-01-22): math domain error
2019-03-24 02:52:12,445 - ERROR: ERR(600217 - 2010-01-22): math domain error
2019-03-24 02:52:12,507 - ERROR: ERR(600403 - 2010-01-22): math domain error
2019-03-24 02:52:12,539 - ERROR: ERR(600433 - 2010-01-22): math domain error
2019-03-24 02:52:12,664 - ERROR: ERR(600419 - 2010-01-22): math domain error
2019-03-24 02:52:12,711 - ERROR: ERR(600495 - 2010-01-22): math domain error
2019-03-24 02:52:12,914 - ERROR: ERR(600590 - 2010-01-22): math domain error
2019-03-24 02:52:13,242 - ERROR: ERR(600658 - 2010-01-22): math domain error
2019-03-24 02:52:13,336 - ERROR: ERR(600734 - 2010-01-22): math domain error
2019-03-24 02:52:13,382 - ERROR: ERR(600728 - 2010-01-22): math domain error
2019-03-24 02:52:13,523 - ERROR: ERR(600807 - 2010-01-22): math domain error
2019-03-24 02:52:16,336 - ERROR: ERR(600031 - 2010-01-25): math domain error
2019-03-24 02:52:16,399 - ERROR: ERR(600022 - 2010-01-25): math domain error
2019-03-24 02:52:16,524 - ERROR: ERR(600146 - 2010-01-25): math domain error
2019-03-24 02:52:16,524 - ERROR: ERR(600072 - 2010-01-25): math domain error
2019-03-24 02:52:16,977 - ERROR: ERR(600217 - 2010-01-25): math domain error
2019-03-24 02:52:16,993 - ERROR: ERR(600338 - 2010-01-25): math domain error
2019-03-24 02:52:17,056 - ERROR: ERR(600376 - 2010-01-25): math domain error
2019-03-24 02:52:17,087 - ERROR: ERR(600403 - 2010-01-25): math domain error
2019-03-24 02:52:17,212 - ERROR: ERR(600444 - 2010-01-25): math domain error
2019-03-24 02:52:17,493 - ERROR: ERR(600536 - 2010-01-25): math domain error
2019-03-24 02:52:17,759 - ERROR: ERR(600682 - 2010-01-25): math domain error
2019-03-24 02:52:17,790 - ERROR: ERR(600734 - 2010-01-25): math domain error
2019-03-24 02:52:17,806 - ERROR: ERR(600713 - 2010-01-25): math domain error
2019-03-24 02:52:17,852 - ERROR: ERR(600658 - 2010-01-25): math domain error
2019-03-24 02:52:17,930 - ERROR: ERR(600739 - 2010-01-25): math domain error
2019-03-24 02:52:18,040 - ERROR: ERR(600728 - 2010-01-25): math domain error
2019-03-24 02:52:18,102 - ERROR: ERR(600825 - 2010-01-25): math domain error
2019-03-24 02:52:18,368 - ERROR: ERR(600866 - 2010-01-25): math domain error
2019-03-24 02:52:20,790 - ERROR: ERR(600022 - 2010-01-26): math domain error
2019-03-24 02:52:21,244 - ERROR: ERR(600146 - 2010-01-26): math domain error
2019-03-24 02:52:21,510 - ERROR: ERR(600217 - 2010-01-26): math domain error
2019-03-24 02:52:21,885 - ERROR: ERR(600403 - 2010-01-26): math domain error
2019-03-24 02:52:22,072 - ERROR: ERR(600516 - 2010-01-26): math domain error
2019-03-24 02:52:22,353 - ERROR: ERR(600525 - 2010-01-26): math domain error
2019-03-24 02:52:22,744 - ERROR: ERR(600734 - 2010-01-26): math domain error
2019-03-24 02:52:22,807 - ERROR: ERR(600728 - 2010-01-26): math domain error
2019-03-24 02:52:25,917 - ERROR: ERR(600022 - 2010-01-27): math domain error
2019-03-24 02:52:25,980 - ERROR: ERR(600063 - 2010-01-27): math domain error
2019-03-24 02:52:26,449 - ERROR: ERR(600146 - 2010-01-27): math domain error
2019-03-24 02:52:26,512 - ERROR: ERR(600217 - 2010-01-27): math domain error
2019-03-24 02:52:26,543 - ERROR: ERR(600235 - 2010-01-27): math domain error
2019-03-24 02:52:26,559 - ERROR: ERR(600246 - 2010-01-27): math domain error
2019-03-24 02:52:26,605 - ERROR: ERR(600310 - 2010-01-27): math domain error
2019-03-24 02:52:26,637 - ERROR: ERR(600298 - 2010-01-27): math domain error
2019-03-24 02:52:27,027 - ERROR: ERR(600403 - 2010-01-27): math domain error
2019-03-24 02:52:27,621 - ERROR: ERR(600728 - 2010-01-27): math domain error
2019-03-24 02:52:27,684 - ERROR: ERR(600754 - 2010-01-27): math domain error
2019-03-24 02:52:27,699 - ERROR: ERR(600703 - 2010-01-27): math domain error
2019-03-24 02:52:27,699 - ERROR: ERR(600734 - 2010-01-27): math domain error
2019-03-24 02:52:30,731 - ERROR: ERR(600022 - 2010-01-28): math domain error
2019-03-24 02:52:30,794 - ERROR: ERR(600069 - 2010-01-28): math domain error
2019-03-24 02:52:30,903 - ERROR: ERR(600119 - 2010-01-28): math domain error
2019-03-24 02:52:30,951 - ERROR: ERR(600146 - 2010-01-28): math domain error
2019-03-24 02:52:31,217 - ERROR: ERR(600166 - 2010-01-28): math domain error
2019-03-24 02:52:31,248 - ERROR: ERR(600217 - 2010-01-28): math domain error
2019-03-24 02:52:31,654 - ERROR: ERR(600373 - 2010-01-28): math domain error
2019-03-24 02:52:31,686 - ERROR: ERR(600403 - 2010-01-28): math domain error
2019-03-24 02:52:31,717 - ERROR: ERR(600420 - 2010-01-28): math domain error
2019-03-24 02:52:31,748 - ERROR: ERR(600460 - 2010-01-28): math domain error
2019-03-24 02:52:31,764 - ERROR: ERR(600303 - 2010-01-28): math domain error
2019-03-24 02:52:31,779 - ERROR: ERR(600387 - 2010-01-28): math domain error
2019-03-24 02:52:31,857 - ERROR: ERR(600487 - 2010-01-28): math domain error
2019-03-24 02:52:31,967 - ERROR: ERR(600468 - 2010-01-28): math domain error
2019-03-24 02:52:32,326 - ERROR: ERR(600658 - 2010-01-28): math domain error
2019-03-24 02:52:32,436 - ERROR: ERR(600728 - 2010-01-28): math domain error
2019-03-24 02:52:32,498 - ERROR: ERR(600758 - 2010-01-28): math domain error
2019-03-24 02:52:32,498 - ERROR: ERR(600734 - 2010-01-28): math domain error
2019-03-24 02:52:32,545 - ERROR: ERR(600754 - 2010-01-28): math domain error
2019-03-24 02:52:32,654 - ERROR: ERR(600864 - 2010-01-28): math domain error
2019-03-24 02:52:32,701 - ERROR: ERR(600854 - 2010-01-28): math domain error
2019-03-24 02:52:35,557 - ERROR: ERR(600022 - 2010-01-29): math domain error
2019-03-24 02:52:35,713 - ERROR: ERR(600075 - 2010-01-29): math domain error
2019-03-24 02:52:35,713 - ERROR: ERR(600116 - 2010-01-29): math domain error
2019-03-24 02:52:35,760 - ERROR: ERR(600108 - 2010-01-29): math domain error
2019-03-24 02:52:35,775 - ERROR: ERR(600146 - 2010-01-29): math domain error
2019-03-24 02:52:35,916 - ERROR: ERR(600217 - 2010-01-29): math domain error
2019-03-24 02:52:36,041 - ERROR: ERR(600139 - 2010-01-29): math domain error
2019-03-24 02:52:36,072 - ERROR: ERR(600225 - 2010-01-29): math domain error
2019-03-24 02:52:36,182 - ERROR: ERR(600359 - 2010-01-29): math domain error
2019-03-24 02:52:36,557 - ERROR: ERR(600403 - 2010-01-29): math domain error
2019-03-24 02:52:36,650 - ERROR: ERR(600533 - 2010-01-29): math domain error
2019-03-24 02:52:36,682 - ERROR: ERR(600487 - 2010-01-29): math domain error
2019-03-24 02:52:36,791 - ERROR: ERR(600501 - 2010-01-29): math domain error
2019-03-24 02:52:36,853 - ERROR: ERR(600634 - 2010-01-29): math domain error
2019-03-24 02:52:37,182 - ERROR: ERR(600728 - 2010-01-29): math domain error
2019-03-24 02:52:37,182 - ERROR: ERR(600734 - 2010-01-29): math domain error
2019-03-24 02:52:37,228 - ERROR: ERR(600754 - 2010-01-29): math domain error
2019-03-24 02:52:37,603 - ERROR: ERR(600970 - 2010-01-29): math domain error
2019-03-24 02:52:39,984 - ERROR: ERR(600022 - 2010-02-01): math domain error
2019-03-24 02:52:40,359 - ERROR: ERR(600169 - 2010-02-01): math domain error
2019-03-24 02:52:40,375 - ERROR: ERR(600146 - 2010-02-01): math domain error
2019-03-24 02:52:40,390 - ERROR: ERR(600185 - 2010-02-01): math domain error
2019-03-24 02:52:40,421 - ERROR: ERR(600173 - 2010-02-01): math domain error
2019-03-24 02:52:40,453 - ERROR: ERR(600159 - 2010-02-01): math domain error
2019-03-24 02:52:40,609 - ERROR: ERR(600217 - 2010-02-01): math domain error
2019-03-24 02:52:40,671 - ERROR: ERR(600209 - 2010-02-01): math domain error
2019-03-24 02:52:40,671 - ERROR: ERR(600251 - 2010-02-01): math domain error
2019-03-24 02:52:40,859 - ERROR: ERR(600403 - 2010-02-01): math domain error
2019-03-24 02:52:41,226 - ERROR: ERR(600487 - 2010-02-01): math domain error
2019-03-24 02:52:41,273 - ERROR: ERR(600507 - 2010-02-01): math domain error
2019-03-24 02:52:41,288 - ERROR: ERR(600552 - 2010-02-01): math domain error
2019-03-24 02:52:41,335 - ERROR: ERR(600577 - 2010-02-01): math domain error
2019-03-24 02:52:41,726 - ERROR: ERR(600783 - 2010-02-01): math domain error
2019-03-24 02:52:41,757 - ERROR: ERR(600734 - 2010-02-01): math domain error
2019-03-24 02:52:41,757 - ERROR: ERR(600765 - 2010-02-01): math domain error
2019-03-24 02:52:44,777 - ERROR: ERR(600022 - 2010-02-02): math domain error
2019-03-24 02:52:44,964 - ERROR: ERR(600146 - 2010-02-02): math domain error
2019-03-24 02:52:45,105 - ERROR: ERR(600217 - 2010-02-02): math domain error
2019-03-24 02:52:45,199 - ERROR: ERR(600279 - 2010-02-02): math domain error
2019-03-24 02:52:45,293 - ERROR: ERR(600251 - 2010-02-02): math domain error
2019-03-24 02:52:45,355 - ERROR: ERR(600403 - 2010-02-02): math domain error
2019-03-24 02:52:45,652 - ERROR: ERR(600487 - 2010-02-02): math domain error
2019-03-24 02:52:45,746 - ERROR: ERR(600497 - 2010-02-02): math domain error
2019-03-24 02:52:45,996 - ERROR: ERR(600637 - 2010-02-02): math domain error
2019-03-24 02:52:46,012 - ERROR: ERR(600643 - 2010-02-02): math domain error
2019-03-24 02:52:46,105 - ERROR: ERR(600734 - 2010-02-02): math domain error
2019-03-24 02:52:49,106 - ERROR: ERR(600022 - 2010-02-03): math domain error
2019-03-24 02:52:49,668 - ERROR: ERR(600251 - 2010-02-03): math domain error
2019-03-24 02:52:49,731 - ERROR: ERR(600252 - 2010-02-03): math domain error
2019-03-24 02:52:50,466 - ERROR: ERR(600583 - 2010-02-03): math domain error
2019-03-24 02:52:50,513 - ERROR: ERR(600604 - 2010-02-03): math domain error
2019-03-24 02:52:50,575 - ERROR: ERR(600606 - 2010-02-03): math domain error
2019-03-24 02:52:50,763 - ERROR: ERR(600734 - 2010-02-03): math domain error
2019-03-24 02:52:50,872 - ERROR: ERR(600795 - 2010-02-03): math domain error
2019-03-24 02:52:53,825 - ERROR: ERR(600022 - 2010-02-04): math domain error
2019-03-24 02:52:54,045 - ERROR: ERR(600173 - 2010-02-04): math domain error
2019-03-24 02:52:54,185 - ERROR: ERR(600203 - 2010-02-04): math domain error
2019-03-24 02:52:54,264 - ERROR: ERR(600251 - 2010-02-04): math domain error
2019-03-24 02:52:54,998 - ERROR: ERR(600604 - 2010-02-04): math domain error
2019-03-24 02:52:55,342 - ERROR: ERR(600734 - 2010-02-04): math domain error
2019-03-24 02:52:58,299 - ERROR: ERR(600022 - 2010-02-05): math domain error
2019-03-24 02:52:58,612 - ERROR: ERR(600251 - 2010-02-05): math domain error
2019-03-24 02:52:58,768 - ERROR: ERR(600203 - 2010-02-05): math domain error
2019-03-24 02:52:58,909 - ERROR: ERR(600360 - 2010-02-05): math domain error
2019-03-24 02:52:59,440 - ERROR: ERR(600602 - 2010-02-05): math domain error
2019-03-24 02:52:59,768 - ERROR: ERR(600728 - 2010-02-05): math domain error
2019-03-24 02:52:59,846 - ERROR: ERR(600734 - 2010-02-05): math domain error
2019-03-24 02:52:59,940 - ERROR: ERR(600823 - 2010-02-05): math domain error
2019-03-24 02:53:00,081 - ERROR: ERR(600896 - 2010-02-05): math domain error
2019-03-24 02:53:00,206 - ERROR: ERR(601998 - 2010-02-05): math domain error
2019-03-24 02:53:02,768 - ERROR: ERR(600022 - 2010-02-08): math domain error
2019-03-24 02:53:03,054 - ERROR: ERR(600157 - 2010-02-08): math domain error
2019-03-24 02:53:03,069 - ERROR: ERR(600203 - 2010-02-08): math domain error
2019-03-24 02:53:03,085 - ERROR: ERR(600143 - 2010-02-08): math domain error
2019-03-24 02:53:03,085 - ERROR: ERR(600217 - 2010-02-08): math domain error
2019-03-24 02:53:03,100 - ERROR: ERR(600160 - 2010-02-08): math domain error
2019-03-24 02:53:03,241 - ERROR: ERR(600268 - 2010-02-08): math domain error
2019-03-24 02:53:03,288 - ERROR: ERR(600299 - 2010-02-08): math domain error
2019-03-24 02:53:03,897 - ERROR: ERR(600580 - 2010-02-08): math domain error
2019-03-24 02:53:04,179 - ERROR: ERR(600728 - 2010-02-08): math domain error
2019-03-24 02:53:04,179 - ERROR: ERR(600734 - 2010-02-08): math domain error
2019-03-24 02:53:04,616 - ERROR: ERR(600735 - 2010-02-08): math domain error
2019-03-24 02:53:04,819 - ERROR: ERR(600990 - 2010-02-08): math domain error
2019-03-24 02:53:04,850 - ERROR: ERR(600975 - 2010-02-08): math domain error
2019-03-24 02:53:07,477 - ERROR: ERR(600022 - 2010-02-09): math domain error
2019-03-24 02:53:07,711 - ERROR: ERR(600133 - 2010-02-09): math domain error
2019-03-24 02:53:07,820 - ERROR: ERR(600203 - 2010-02-09): math domain error
2019-03-24 02:53:07,836 - ERROR: ERR(600209 - 2010-02-09): math domain error
2019-03-24 02:53:07,992 - ERROR: ERR(600290 - 2010-02-09): math domain error
2019-03-24 02:53:08,148 - ERROR: ERR(600390 - 2010-02-09): math domain error
2019-03-24 02:53:08,883 - ERROR: ERR(600655 - 2010-02-09): math domain error
2019-03-24 02:53:09,039 - ERROR: ERR(600734 - 2010-02-09): math domain error
2019-03-24 02:53:09,086 - ERROR: ERR(600728 - 2010-02-09): math domain error
2019-03-24 02:53:12,415 - ERROR: ERR(600022 - 2010-02-10): math domain error
2019-03-24 02:53:12,994 - ERROR: ERR(600203 - 2010-02-10): math domain error
2019-03-24 02:53:13,088 - ERROR: ERR(600209 - 2010-02-10): math domain error
2019-03-24 02:53:13,713 - ERROR: ERR(600536 - 2010-02-10): math domain error
2019-03-24 02:53:14,025 - ERROR: ERR(600559 - 2010-02-10): math domain error
2019-03-24 02:53:14,244 - ERROR: ERR(600728 - 2010-02-10): math domain error
2019-03-24 02:53:14,260 - ERROR: ERR(600734 - 2010-02-10): math domain error
2019-03-24 02:53:17,385 - ERROR: ERR(600022 - 2010-02-11): math domain error
2019-03-24 02:53:17,635 - ERROR: ERR(600179 - 2010-02-11): math domain error
2019-03-24 02:53:17,651 - ERROR: ERR(600185 - 2010-02-11): math domain error
2019-03-24 02:53:17,698 - ERROR: ERR(600128 - 2010-02-11): math domain error
2019-03-24 02:53:17,698 - ERROR: ERR(600203 - 2010-02-11): math domain error
2019-03-24 02:53:17,791 - ERROR: ERR(600209 - 2010-02-11): math domain error
2019-03-24 02:53:18,244 - ERROR: ERR(600410 - 2010-02-11): math domain error
2019-03-24 02:53:18,823 - ERROR: ERR(600712 - 2010-02-11): math domain error
2019-03-24 02:53:18,916 - ERROR: ERR(600728 - 2010-02-11): math domain error
2019-03-24 02:53:19,073 - ERROR: ERR(600739 - 2010-02-11): math domain error
2019-03-24 02:53:19,119 - ERROR: ERR(600734 - 2010-02-11): math domain error
2019-03-24 02:53:22,339 - ERROR: ERR(600022 - 2010-02-12): math domain error
2019-03-24 02:53:22,855 - ERROR: ERR(600203 - 2010-02-12): math domain error
2019-03-24 02:53:23,136 - ERROR: ERR(600305 - 2010-02-12): math domain error
2019-03-24 02:53:24,199 - ERROR: ERR(600734 - 2010-02-12): math domain error
2019-03-24 02:53:24,324 - ERROR: ERR(600728 - 2010-02-12): math domain error
2019-03-24 02:53:27,389 - ERROR: ERR(600162 - 2010-02-22): math domain error
2019-03-24 02:53:27,451 - ERROR: ERR(600022 - 2010-02-22): math domain error
2019-03-24 02:53:27,561 - ERROR: ERR(600203 - 2010-02-22): math domain error
2019-03-24 02:53:28,140 - ERROR: ERR(600120 - 2010-02-22): math domain error
2019-03-24 02:53:28,171 - ERROR: ERR(600435 - 2010-02-22): math domain error
2019-03-24 02:53:28,265 - ERROR: ERR(600477 - 2010-02-22): math domain error
2019-03-24 02:53:28,749 - ERROR: ERR(600728 - 2010-02-22): math domain error
2019-03-24 02:53:28,765 - ERROR: ERR(600734 - 2010-02-22): math domain error
2019-03-24 02:53:28,921 - ERROR: ERR(600779 - 2010-02-22): math domain error
2019-03-24 02:53:31,783 - ERROR: ERR(600022 - 2010-02-23): math domain error
2019-03-24 02:53:31,783 - ERROR: ERR(600029 - 2010-02-23): math domain error
2019-03-24 02:53:32,018 - ERROR: ERR(600110 - 2010-02-23): math domain error
2019-03-24 02:53:32,065 - ERROR: ERR(600093 - 2010-02-23): math domain error
2019-03-24 02:53:32,081 - ERROR: ERR(600139 - 2010-02-23): math domain error
2019-03-24 02:53:32,315 - ERROR: ERR(600261 - 2010-02-23): math domain error
2019-03-24 02:53:32,346 - ERROR: ERR(600203 - 2010-02-23): math domain error
2019-03-24 02:53:32,409 - ERROR: ERR(600325 - 2010-02-23): math domain error
2019-03-24 02:53:32,440 - ERROR: ERR(600337 - 2010-02-23): math domain error
2019-03-24 02:53:32,893 - ERROR: ERR(600466 - 2010-02-23): math domain error
2019-03-24 02:53:33,018 - ERROR: ERR(600562 - 2010-02-23): math domain error
2019-03-24 02:53:33,315 - ERROR: ERR(600658 - 2010-02-23): math domain error
2019-03-24 02:53:33,378 - ERROR: ERR(600728 - 2010-02-23): math domain error
2019-03-24 02:53:33,378 - ERROR: ERR(600699 - 2010-02-23): math domain error
2019-03-24 02:53:33,378 - ERROR: ERR(600734 - 2010-02-23): math domain error
2019-03-24 02:53:33,471 - ERROR: ERR(600743 - 2010-02-23): math domain error
2019-03-24 02:53:33,471 - ERROR: ERR(600779 - 2010-02-23): math domain error
2019-03-24 02:53:33,534 - ERROR: ERR(600747 - 2010-02-23): math domain error
2019-03-24 02:53:36,519 - ERROR: ERR(600029 - 2010-02-24): math domain error
2019-03-24 02:53:36,785 - ERROR: ERR(600208 - 2010-02-24): math domain error
2019-03-24 02:53:36,800 - ERROR: ERR(600151 - 2010-02-24): math domain error
2019-03-24 02:53:36,832 - ERROR: ERR(600203 - 2010-02-24): math domain error
2019-03-24 02:53:37,084 - ERROR: ERR(600261 - 2010-02-24): math domain error
2019-03-24 02:53:37,256 - ERROR: ERR(600376 - 2010-02-24): math domain error
2019-03-24 02:53:37,975 - ERROR: ERR(600728 - 2010-02-24): math domain error
2019-03-24 02:53:37,991 - ERROR: ERR(600734 - 2010-02-24): math domain error
2019-03-24 02:53:38,397 - ERROR: ERR(600779 - 2010-02-24): math domain error
2019-03-24 02:53:40,819 - ERROR: ERR(600029 - 2010-02-25): math domain error
2019-03-24 02:53:41,150 - ERROR: ERR(600077 - 2010-02-25): math domain error
2019-03-24 02:53:41,369 - ERROR: ERR(600161 - 2010-02-25): math domain error
2019-03-24 02:53:41,385 - ERROR: ERR(600203 - 2010-02-25): math domain error
2019-03-24 02:53:41,494 - ERROR: ERR(600268 - 2010-02-25): math domain error
2019-03-24 02:53:41,729 - ERROR: ERR(600418 - 2010-02-25): math domain error
2019-03-24 02:53:42,072 - ERROR: ERR(600511 - 2010-02-25): math domain error
2019-03-24 02:53:42,104 - ERROR: ERR(600405 - 2010-02-25): math domain error
2019-03-24 02:53:42,104 - ERROR: ERR(600463 - 2010-02-25): math domain error
2019-03-24 02:53:42,479 - ERROR: ERR(600728 - 2010-02-25): math domain error
2019-03-24 02:53:42,588 - ERROR: ERR(600779 - 2010-02-25): math domain error
2019-03-24 02:53:42,963 - ERROR: ERR(600978 - 2010-02-25): math domain error
2019-03-24 02:53:42,979 - ERROR: ERR(600855 - 2010-02-25): math domain error
2019-03-24 02:53:43,041 - ERROR: ERR(600804 - 2010-02-25): math domain error
2019-03-24 02:53:43,229 - ERROR: ERR(600971 - 2010-02-25): math domain error
2019-03-24 02:53:45,464 - ERROR: ERR(600000 - 2010-02-26): math domain error
2019-03-24 02:53:45,573 - ERROR: ERR(600077 - 2010-02-26): math domain error
2019-03-24 02:53:45,620 - ERROR: ERR(600029 - 2010-02-26): math domain error
2019-03-24 02:53:45,635 - ERROR: ERR(600121 - 2010-02-26): math domain error
2019-03-24 02:53:46,011 - ERROR: ERR(600203 - 2010-02-26): math domain error
2019-03-24 02:53:46,042 - ERROR: ERR(600188 - 2010-02-26): math domain error
2019-03-24 02:53:46,058 - ERROR: ERR(600126 - 2010-02-26): math domain error
2019-03-24 02:53:46,120 - ERROR: ERR(600268 - 2010-02-26): math domain error
2019-03-24 02:53:46,230 - ERROR: ERR(600300 - 2010-02-26): math domain error
2019-03-24 02:53:46,370 - ERROR: ERR(600303 - 2010-02-26): math domain error
2019-03-24 02:53:46,401 - ERROR: ERR(600449 - 2010-02-26): math domain error
2019-03-24 02:53:46,495 - ERROR: ERR(600383 - 2010-02-26): math domain error
2019-03-24 02:53:46,604 - ERROR: ERR(600499 - 2010-02-26): math domain error
2019-03-24 02:53:46,964 - ERROR: ERR(600666 - 2010-02-26): math domain error
2019-03-24 02:53:47,105 - ERROR: ERR(600771 - 2010-02-26): math domain error
2019-03-24 02:53:47,105 - ERROR: ERR(600779 - 2010-02-26): math domain error
2019-03-24 02:53:47,245 - ERROR: ERR(600822 - 2010-02-26): math domain error
2019-03-24 02:53:47,339 - ERROR: ERR(600812 - 2010-02-26): math domain error
2019-03-24 02:53:47,480 - ERROR: ERR(600886 - 2010-02-26): math domain error
2019-03-24 02:53:47,511 - ERROR: ERR(600728 - 2010-02-26): math domain error
2019-03-24 02:53:47,526 - ERROR: ERR(601111 - 2010-02-26): math domain error
2019-03-24 02:53:47,558 - ERROR: ERR(601788 - 2010-02-26): math domain error
2019-03-24 02:53:47,620 - ERROR: ERR(600711 - 2010-02-26): math domain error
2019-03-24 02:53:47,870 - ERROR: ERR(600978 - 2010-02-26): math domain error
2019-03-24 02:53:50,230 - ERROR: ERR(600029 - 2010-03-01): math domain error
2019-03-24 02:53:50,418 - ERROR: ERR(600000 - 2010-03-01): math domain error
2019-03-24 02:53:50,434 - ERROR: ERR(600203 - 2010-03-01): math domain error
2019-03-24 02:53:50,512 - ERROR: ERR(600112 - 2010-03-01): math domain error
2019-03-24 02:53:50,527 - ERROR: ERR(600256 - 2010-03-01): math domain error
2019-03-24 02:53:50,715 - ERROR: ERR(600268 - 2010-03-01): math domain error
2019-03-24 02:53:50,809 - ERROR: ERR(600290 - 2010-03-01): math domain error
2019-03-24 02:53:50,855 - ERROR: ERR(600278 - 2010-03-01): math domain error
2019-03-24 02:53:51,277 - ERROR: ERR(600515 - 2010-03-01): math domain error
2019-03-24 02:53:51,355 - ERROR: ERR(600510 - 2010-03-01): math domain error
2019-03-24 02:53:51,637 - ERROR: ERR(600728 - 2010-03-01): math domain error
2019-03-24 02:53:51,809 - ERROR: ERR(600779 - 2010-03-01): math domain error
2019-03-24 02:53:52,122 - ERROR: ERR(600885 - 2010-03-01): math domain error
2019-03-24 02:53:52,169 - ERROR: ERR(600864 - 2010-03-01): math domain error
2019-03-24 02:53:52,200 - ERROR: ERR(601186 - 2010-03-01): math domain error
2019-03-24 02:53:52,559 - ERROR: ERR(601111 - 2010-03-01): math domain error
2019-03-24 02:53:54,826 - ERROR: ERR(600048 - 2010-03-02): math domain error
2019-03-24 02:53:54,826 - ERROR: ERR(600000 - 2010-03-02): math domain error
2019-03-24 02:53:54,841 - ERROR: ERR(600008 - 2010-03-02): math domain error
2019-03-24 02:53:54,873 - ERROR: ERR(600029 - 2010-03-02): math domain error
2019-03-24 02:53:55,310 - ERROR: ERR(600074 - 2010-03-02): math domain error
2019-03-24 02:53:55,310 - ERROR: ERR(600185 - 2010-03-02): math domain error
2019-03-24 02:53:55,341 - ERROR: ERR(600227 - 2010-03-02): math domain error
2019-03-24 02:53:55,451 - ERROR: ERR(600203 - 2010-03-02): math domain error
2019-03-24 02:53:55,513 - ERROR: ERR(600278 - 2010-03-02): math domain error
2019-03-24 02:53:55,560 - ERROR: ERR(600301 - 2010-03-02): math domain error
2019-03-24 02:53:55,654 - ERROR: ERR(600268 - 2010-03-02): math domain error
2019-03-24 02:53:55,669 - ERROR: ERR(600312 - 2010-03-02): math domain error
2019-03-24 02:53:55,841 - ERROR: ERR(600406 - 2010-03-02): math domain error
2019-03-24 02:53:55,872 - ERROR: ERR(600425 - 2010-03-02): math domain error
2019-03-24 02:53:55,872 - ERROR: ERR(600515 - 2010-03-02): math domain error
2019-03-24 02:53:55,888 - ERROR: ERR(600491 - 2010-03-02): math domain error
2019-03-24 02:53:55,935 - ERROR: ERR(600510 - 2010-03-02): math domain error
2019-03-24 02:53:56,330 - ERROR: ERR(600651 - 2010-03-02): math domain error
2019-03-24 02:53:56,392 - ERROR: ERR(600677 - 2010-03-02): math domain error
2019-03-24 02:53:56,486 - ERROR: ERR(600691 - 2010-03-02): math domain error
2019-03-24 02:53:56,580 - ERROR: ERR(600728 - 2010-03-02): math domain error
2019-03-24 02:53:56,595 - ERROR: ERR(600703 - 2010-03-02): math domain error
2019-03-24 02:53:56,627 - ERROR: ERR(600716 - 2010-03-02): math domain error
2019-03-24 02:53:56,830 - ERROR: ERR(600885 - 2010-03-02): math domain error
2019-03-24 02:53:56,830 - ERROR: ERR(600888 - 2010-03-02): math domain error
2019-03-24 02:53:56,923 - ERROR: ERR(601006 - 2010-03-02): math domain error
2019-03-24 02:53:56,939 - ERROR: ERR(601111 - 2010-03-02): math domain error
2019-03-24 02:53:56,955 - ERROR: ERR(600979 - 2010-03-02): math domain error
2019-03-24 02:53:56,955 - ERROR: ERR(601186 - 2010-03-02): math domain error
2019-03-24 02:53:57,127 - ERROR: ERR(600990 - 2010-03-02): math domain error
2019-03-24 02:53:57,314 - ERROR: ERR(600984 - 2010-03-02): math domain error
2019-03-24 02:53:59,534 - ERROR: ERR(600000 - 2010-03-03): math domain error
2019-03-24 02:53:59,643 - ERROR: ERR(600029 - 2010-03-03): math domain error
2019-03-24 02:54:00,018 - ERROR: ERR(600203 - 2010-03-03): math domain error
2019-03-24 02:54:00,034 - ERROR: ERR(600208 - 2010-03-03): math domain error
2019-03-24 02:54:00,127 - ERROR: ERR(600227 - 2010-03-03): math domain error
2019-03-24 02:54:00,143 - ERROR: ERR(600278 - 2010-03-03): math domain error
2019-03-24 02:54:00,205 - ERROR: ERR(600354 - 2010-03-03): math domain error
2019-03-24 02:54:00,580 - ERROR: ERR(600510 - 2010-03-03): math domain error
2019-03-24 02:54:00,580 - ERROR: ERR(600515 - 2010-03-03): math domain error
2019-03-24 02:54:00,815 - ERROR: ERR(600595 - 2010-03-03): math domain error
2019-03-24 02:54:00,893 - ERROR: ERR(600613 - 2010-03-03): math domain error
2019-03-24 02:54:00,909 - ERROR: ERR(600651 - 2010-03-03): math domain error
2019-03-24 02:54:01,097 - ERROR: ERR(600728 - 2010-03-03): math domain error
2019-03-24 02:54:01,206 - ERROR: ERR(600773 - 2010-03-03): math domain error
2019-03-24 02:54:01,534 - ERROR: ERR(600885 - 2010-03-03): math domain error
2019-03-24 02:54:01,581 - ERROR: ERR(601111 - 2010-03-03): math domain error
2019-03-24 02:54:01,581 - ERROR: ERR(601186 - 2010-03-03): math domain error
2019-03-24 02:54:04,161 - ERROR: ERR(600000 - 2010-03-04): math domain error
2019-03-24 02:54:04,458 - ERROR: ERR(600029 - 2010-03-04): math domain error
2019-03-24 02:54:04,724 - ERROR: ERR(600187 - 2010-03-04): math domain error
2019-03-24 02:54:04,739 - ERROR: ERR(600278 - 2010-03-04): math domain error
2019-03-24 02:54:04,817 - ERROR: ERR(600203 - 2010-03-04): math domain error
2019-03-24 02:54:04,849 - ERROR: ERR(600227 - 2010-03-04): math domain error
2019-03-24 02:54:05,192 - ERROR: ERR(600458 - 2010-03-04): math domain error
2019-03-24 02:54:05,364 - ERROR: ERR(600510 - 2010-03-04): math domain error
2019-03-24 02:54:05,364 - ERROR: ERR(600515 - 2010-03-04): math domain error
2019-03-24 02:54:05,411 - ERROR: ERR(600565 - 2010-03-04): math domain error
2019-03-24 02:54:05,583 - ERROR: ERR(600651 - 2010-03-04): math domain error
2019-03-24 02:54:05,724 - ERROR: ERR(600728 - 2010-03-04): math domain error
2019-03-24 02:54:06,412 - ERROR: ERR(600900 - 2010-03-04): math domain error
2019-03-24 02:54:06,428 - ERROR: ERR(601111 - 2010-03-04): math domain error
2019-03-24 02:54:06,443 - ERROR: ERR(600885 - 2010-03-04): math domain error
2019-03-24 02:54:08,897 - ERROR: ERR(600000 - 2010-03-05): math domain error
2019-03-24 02:54:09,022 - ERROR: ERR(600029 - 2010-03-05): math domain error
2019-03-24 02:54:09,209 - ERROR: ERR(600116 - 2010-03-05): math domain error
2019-03-24 02:54:09,600 - ERROR: ERR(600231 - 2010-03-05): math domain error
2019-03-24 02:54:09,647 - ERROR: ERR(600227 - 2010-03-05): math domain error
2019-03-24 02:54:09,663 - ERROR: ERR(600278 - 2010-03-05): math domain error
2019-03-24 02:54:09,741 - ERROR: ERR(600246 - 2010-03-05): math domain error
2019-03-24 02:54:09,788 - ERROR: ERR(600203 - 2010-03-05): math domain error
2019-03-24 02:54:09,834 - ERROR: ERR(600298 - 2010-03-05): math domain error
2019-03-24 02:54:10,054 - ERROR: ERR(600515 - 2010-03-05): math domain error
2019-03-24 02:54:10,179 - ERROR: ERR(600533 - 2010-03-05): math domain error
2019-03-24 02:54:10,398 - ERROR: ERR(600510 - 2010-03-05): math domain error
2019-03-24 02:54:10,429 - ERROR: ERR(600594 - 2010-03-05): math domain error
2019-03-24 02:54:10,429 - ERROR: ERR(600565 - 2010-03-05): math domain error
2019-03-24 02:54:10,585 - ERROR: ERR(600683 - 2010-03-05): math domain error
2019-03-24 02:54:10,663 - ERROR: ERR(600651 - 2010-03-05): math domain error
2019-03-24 02:54:10,913 - ERROR: ERR(600728 - 2010-03-05): math domain error
2019-03-24 02:54:10,929 - ERROR: ERR(600844 - 2010-03-05): math domain error
2019-03-24 02:54:10,991 - ERROR: ERR(600885 - 2010-03-05): math domain error
2019-03-24 02:54:11,194 - ERROR: ERR(601111 - 2010-03-05): math domain error
2019-03-24 02:54:11,210 - ERROR: ERR(601607 - 2010-03-05): math domain error
2019-03-24 02:54:13,679 - ERROR: ERR(600000 - 2010-03-08): math domain error
2019-03-24 02:54:13,711 - ERROR: ERR(600029 - 2010-03-08): math domain error
2019-03-24 02:54:13,961 - ERROR: ERR(600176 - 2010-03-08): math domain error
2019-03-24 02:54:14,039 - ERROR: ERR(600073 - 2010-03-08): math domain error
2019-03-24 02:54:14,226 - ERROR: ERR(600278 - 2010-03-08): math domain error
2019-03-24 02:54:14,351 - ERROR: ERR(600203 - 2010-03-08): math domain error
2019-03-24 02:54:14,539 - ERROR: ERR(600369 - 2010-03-08): math domain error
2019-03-24 02:54:14,945 - ERROR: ERR(600515 - 2010-03-08): math domain error
2019-03-24 02:54:15,042 - ERROR: ERR(600565 - 2010-03-08): math domain error
2019-03-24 02:54:15,073 - ERROR: ERR(600651 - 2010-03-08): math domain error
2019-03-24 02:54:15,120 - ERROR: ERR(600644 - 2010-03-08): math domain error
2019-03-24 02:54:15,260 - ERROR: ERR(600728 - 2010-03-08): math domain error
2019-03-24 02:54:15,651 - ERROR: ERR(600885 - 2010-03-08): math domain error
2019-03-24 02:54:15,760 - ERROR: ERR(601111 - 2010-03-08): math domain error
2019-03-24 02:54:15,776 - ERROR: ERR(601607 - 2010-03-08): math domain error
2019-03-24 02:54:18,277 - ERROR: ERR(600000 - 2010-03-09): math domain error
2019-03-24 02:54:18,433 - ERROR: ERR(600073 - 2010-03-09): math domain error
2019-03-24 02:54:18,589 - ERROR: ERR(600090 - 2010-03-09): math domain error
2019-03-24 02:54:18,667 - ERROR: ERR(600203 - 2010-03-09): math domain error
2019-03-24 02:54:18,683 - ERROR: ERR(600176 - 2010-03-09): math domain error
2019-03-24 02:54:19,058 - ERROR: ERR(600278 - 2010-03-09): math domain error
2019-03-24 02:54:19,511 - ERROR: ERR(600515 - 2010-03-09): math domain error
2019-03-24 02:54:19,667 - ERROR: ERR(600565 - 2010-03-09): math domain error
2019-03-24 02:54:19,902 - ERROR: ERR(600728 - 2010-03-09): math domain error
2019-03-24 02:54:20,297 - ERROR: ERR(600885 - 2010-03-09): math domain error
2019-03-24 02:54:20,359 - ERROR: ERR(601111 - 2010-03-09): math domain error
2019-03-24 02:54:22,954 - ERROR: ERR(600000 - 2010-03-10): math domain error
2019-03-24 02:54:23,110 - ERROR: ERR(600073 - 2010-03-10): math domain error
2019-03-24 02:54:23,188 - ERROR: ERR(600084 - 2010-03-10): math domain error
2019-03-24 02:54:23,235 - ERROR: ERR(600176 - 2010-03-10): math domain error
2019-03-24 02:54:23,266 - ERROR: ERR(600165 - 2010-03-10): math domain error
2019-03-24 02:54:23,282 - ERROR: ERR(600203 - 2010-03-10): math domain error
2019-03-24 02:54:23,579 - ERROR: ERR(600223 - 2010-03-10): math domain error
2019-03-24 02:54:23,735 - ERROR: ERR(600278 - 2010-03-10): math domain error
2019-03-24 02:54:23,922 - ERROR: ERR(600515 - 2010-03-10): math domain error
2019-03-24 02:54:24,111 - ERROR: ERR(600565 - 2010-03-10): math domain error
2019-03-24 02:54:24,611 - ERROR: ERR(600728 - 2010-03-10): math domain error
2019-03-24 02:54:25,095 - ERROR: ERR(600873 - 2010-03-10): math domain error
2019-03-24 02:54:25,111 - ERROR: ERR(600885 - 2010-03-10): math domain error
2019-03-24 02:54:25,126 - ERROR: ERR(600988 - 2010-03-10): math domain error
2019-03-24 02:54:25,157 - ERROR: ERR(601111 - 2010-03-10): math domain error
2019-03-24 02:54:27,783 - ERROR: ERR(600073 - 2010-03-11): math domain error
2019-03-24 02:54:28,191 - ERROR: ERR(600203 - 2010-03-11): math domain error
2019-03-24 02:54:28,206 - ERROR: ERR(600176 - 2010-03-11): math domain error
2019-03-24 02:54:28,784 - ERROR: ERR(600278 - 2010-03-11): math domain error
2019-03-24 02:54:28,972 - ERROR: ERR(600515 - 2010-03-11): math domain error
2019-03-24 02:54:29,066 - ERROR: ERR(600565 - 2010-03-11): math domain error
2019-03-24 02:54:29,316 - ERROR: ERR(600642 - 2010-03-11): math domain error
2019-03-24 02:54:29,550 - ERROR: ERR(600757 - 2010-03-11): math domain error
2019-03-24 02:54:29,628 - ERROR: ERR(600728 - 2010-03-11): math domain error
2019-03-24 02:54:29,831 - ERROR: ERR(600885 - 2010-03-11): math domain error
2019-03-24 02:54:29,894 - ERROR: ERR(600988 - 2010-03-11): math domain error
2019-03-24 02:54:29,988 - ERROR: ERR(601111 - 2010-03-11): math domain error
2019-03-24 02:54:32,769 - ERROR: ERR(600089 - 2010-03-12): math domain error
2019-03-24 02:54:32,816 - ERROR: ERR(600073 - 2010-03-12): math domain error
2019-03-24 02:54:33,039 - ERROR: ERR(600203 - 2010-03-12): math domain error
2019-03-24 02:54:33,117 - ERROR: ERR(600240 - 2010-03-12): math domain error
2019-03-24 02:54:33,117 - ERROR: ERR(600176 - 2010-03-12): math domain error
2019-03-24 02:54:33,180 - ERROR: ERR(600278 - 2010-03-12): math domain error
2019-03-24 02:54:33,711 - ERROR: ERR(600416 - 2010-03-12): math domain error
2019-03-24 02:54:33,742 - ERROR: ERR(600515 - 2010-03-12): math domain error
2019-03-24 02:54:33,883 - ERROR: ERR(600565 - 2010-03-12): math domain error
2019-03-24 02:54:34,117 - ERROR: ERR(600693 - 2010-03-12): math domain error
2019-03-24 02:54:34,477 - ERROR: ERR(600728 - 2010-03-12): math domain error
2019-03-24 02:54:34,539 - ERROR: ERR(600885 - 2010-03-12): math domain error
2019-03-24 02:54:34,711 - ERROR: ERR(600988 - 2010-03-12): math domain error
2019-03-24 02:54:37,480 - ERROR: ERR(600109 - 2010-03-15): math domain error
2019-03-24 02:54:37,496 - ERROR: ERR(600073 - 2010-03-15): math domain error
2019-03-24 02:54:37,777 - ERROR: ERR(600176 - 2010-03-15): math domain error
2019-03-24 02:54:37,777 - ERROR: ERR(600219 - 2010-03-15): math domain error
2019-03-24 02:54:37,839 - ERROR: ERR(600243 - 2010-03-15): math domain error
2019-03-24 02:54:37,886 - ERROR: ERR(600278 - 2010-03-15): math domain error
2019-03-24 02:54:37,886 - ERROR: ERR(600203 - 2010-03-15): math domain error
2019-03-24 02:54:38,277 - ERROR: ERR(600435 - 2010-03-15): math domain error
2019-03-24 02:54:38,355 - ERROR: ERR(600463 - 2010-03-15): math domain error
2019-03-24 02:54:38,558 - ERROR: ERR(600515 - 2010-03-15): math domain error
2019-03-24 02:54:38,933 - ERROR: ERR(600565 - 2010-03-15): math domain error
2019-03-24 02:54:38,996 - ERROR: ERR(600629 - 2010-03-15): math domain error
2019-03-24 02:54:39,121 - ERROR: ERR(600728 - 2010-03-15): math domain error
2019-03-24 02:54:39,511 - ERROR: ERR(600773 - 2010-03-15): math domain error
2019-03-24 02:54:39,511 - ERROR: ERR(600885 - 2010-03-15): math domain error
2019-03-24 02:54:39,699 - ERROR: ERR(600988 - 2010-03-15): math domain error
2019-03-24 02:54:39,746 - ERROR: ERR(600978 - 2010-03-15): math domain error
2019-03-24 02:54:42,250 - ERROR: ERR(600011 - 2010-03-16): math domain error
2019-03-24 02:54:42,406 - ERROR: ERR(600073 - 2010-03-16): math domain error
2019-03-24 02:54:42,531 - ERROR: ERR(600176 - 2010-03-16): math domain error
2019-03-24 02:54:42,546 - ERROR: ERR(600153 - 2010-03-16): math domain error
2019-03-24 02:54:42,875 - ERROR: ERR(600278 - 2010-03-16): math domain error
2019-03-24 02:54:42,875 - ERROR: ERR(600203 - 2010-03-16): math domain error
2019-03-24 02:54:43,281 - ERROR: ERR(600565 - 2010-03-16): math domain error
2019-03-24 02:54:43,312 - ERROR: ERR(600515 - 2010-03-16): math domain error
2019-03-24 02:54:44,078 - ERROR: ERR(600811 - 2010-03-16): math domain error
2019-03-24 02:54:44,109 - ERROR: ERR(600728 - 2010-03-16): math domain error
2019-03-24 02:54:44,125 - ERROR: ERR(600885 - 2010-03-16): math domain error
2019-03-24 02:54:44,171 - ERROR: ERR(600962 - 2010-03-16): math domain error
2019-03-24 02:54:44,265 - ERROR: ERR(601618 - 2010-03-16): math domain error
2019-03-24 02:54:46,985 - ERROR: ERR(600073 - 2010-03-17): math domain error
2019-03-24 02:54:47,345 - ERROR: ERR(600176 - 2010-03-17): math domain error
2019-03-24 02:54:47,376 - ERROR: ERR(600203 - 2010-03-17): math domain error
2019-03-24 02:54:47,439 - ERROR: ERR(600278 - 2010-03-17): math domain error
2019-03-24 02:54:47,923 - ERROR: ERR(600439 - 2010-03-17): math domain error
2019-03-24 02:54:48,095 - ERROR: ERR(600515 - 2010-03-17): math domain error
2019-03-24 02:54:48,251 - ERROR: ERR(600565 - 2010-03-17): math domain error
2019-03-24 02:54:48,486 - ERROR: ERR(600728 - 2010-03-17): math domain error
2019-03-24 02:54:48,673 - ERROR: ERR(600779 - 2010-03-17): math domain error
2019-03-24 02:54:48,907 - ERROR: ERR(600885 - 2010-03-17): math domain error
2019-03-24 02:54:51,924 - ERROR: ERR(600073 - 2010-03-18): math domain error
2019-03-24 02:54:51,970 - ERROR: ERR(600176 - 2010-03-18): math domain error
2019-03-24 02:54:52,049 - ERROR: ERR(600184 - 2010-03-18): math domain error
2019-03-24 02:54:52,142 - ERROR: ERR(600203 - 2010-03-18): math domain error
2019-03-24 02:54:52,205 - ERROR: ERR(600278 - 2010-03-18): math domain error
2019-03-24 02:54:52,205 - ERROR: ERR(600325 - 2010-03-18): math domain error
2019-03-24 02:54:52,236 - ERROR: ERR(600261 - 2010-03-18): math domain error
2019-03-24 02:54:52,361 - ERROR: ERR(600338 - 2010-03-18): math domain error
2019-03-24 02:54:52,455 - ERROR: ERR(600456 - 2010-03-18): math domain error
2019-03-24 02:54:52,627 - ERROR: ERR(600515 - 2010-03-18): math domain error
2019-03-24 02:54:52,783 - ERROR: ERR(600552 - 2010-03-18): math domain error
2019-03-24 02:54:52,814 - ERROR: ERR(600565 - 2010-03-18): math domain error
2019-03-24 02:54:52,861 - ERROR: ERR(600562 - 2010-03-18): math domain error
2019-03-24 02:54:53,285 - ERROR: ERR(600728 - 2010-03-18): math domain error
2019-03-24 02:54:53,347 - ERROR: ERR(600748 - 2010-03-18): math domain error
2019-03-24 02:54:53,394 - ERROR: ERR(600745 - 2010-03-18): math domain error
2019-03-24 02:54:53,676 - ERROR: ERR(600885 - 2010-03-18): math domain error
